Internal Server Error: /check-status/
Internal Server Error: /check-status/
Internal Server Error: /check-status/
Internal Server Error: /check-status/
Internal Server Error: /check-status/
Internal Server Error: /check-status/
Internal Server Error: /admin/vendors/device/add/
Traceback (most recent call last):
  File "/home/silpc065/SANJU/Food_Flash/food_flash_env/lib/python3.10/site-packages/django/template/smartif.py", line 180, in translate_token
    op = OPERATORS[token]
KeyError: "line.fields|length_is:'1'"

During handling of the above exception, another exception occurred:

Traceback (most recent call last):
  File "/home/silpc065/SANJU/Food_Flash/food_flash_env/lib/python3.10/site-packages/django/core/handlers/exception.py", line 55, in inner
    response = get_response(request)
  File "/home/silpc065/SANJU/Food_Flash/food_flash_env/lib/python3.10/site-packages/django/core/handlers/base.py", line 220, in _get_response
    response = response.render()
  File "/home/silpc065/SANJU/Food_Flash/food_flash_env/lib/python3.10/site-packages/django/template/response.py", line 114, in render
    self.content = self.rendered_content
  File "/home/silpc065/SANJU/Food_Flash/food_flash_env/lib/python3.10/site-packages/django/template/response.py", line 92, in rendered_content
    return template.render(context, self._request)
  File "/home/silpc065/SANJU/Food_Flash/food_flash_env/lib/python3.10/site-packages/django/template/backends/django.py", line 107, in render
    return self.template.render(context)
  File "/home/silpc065/SANJU/Food_Flash/food_flash_env/lib/python3.10/site-packages/django/template/base.py", line 171, in render
    return self._render(context)
  File "/home/silpc065/SANJU/Food_Flash/food_flash_env/lib/python3.10/site-packages/django/template/base.py", line 163, in _render
    return self.nodelist.render(context)
  File "/home/silpc065/SANJU/Food_Flash/food_flash_env/lib/python3.10/site-packages/django/template/base.py", line 1008, in render
    return SafeString("".join([node.render_annotated(context) for node in self]))
  File "/home/silpc065/SANJU/Food_Flash/food_flash_env/lib/python3.10/site-packages/django/template/base.py", line 1008, in <listcomp>
    return SafeString("".join([node.render_annotated(context) for node in self]))
  File "/home/silpc065/SANJU/Food_Flash/food_flash_env/lib/python3.10/site-packages/django/template/base.py", line 969, in render_annotated
    return self.render(context)
  File "/home/silpc065/SANJU/Food_Flash/food_flash_env/lib/python3.10/site-packages/django/template/loader_tags.py", line 159, in render
    return compiled_parent._render(context)
  File "/home/silpc065/SANJU/Food_Flash/food_flash_env/lib/python3.10/site-packages/django/template/base.py", line 163, in _render
    return self.nodelist.render(context)
  File "/home/silpc065/SANJU/Food_Flash/food_flash_env/lib/python3.10/site-packages/django/template/base.py", line 1008, in render
    return SafeString("".join([node.render_annotated(context) for node in self]))
  File "/home/silpc065/SANJU/Food_Flash/food_flash_env/lib/python3.10/site-packages/django/template/base.py", line 1008, in <listcomp>
    return SafeString("".join([node.render_annotated(context) for node in self]))
  File "/home/silpc065/SANJU/Food_Flash/food_flash_env/lib/python3.10/site-packages/django/template/base.py", line 969, in render_annotated
    return self.render(context)
  File "/home/silpc065/SANJU/Food_Flash/food_flash_env/lib/python3.10/site-packages/django/template/loader_tags.py", line 159, in render
    return compiled_parent._render(context)
  File "/home/silpc065/SANJU/Food_Flash/food_flash_env/lib/python3.10/site-packages/django/template/base.py", line 163, in _render
    return self.nodelist.render(context)
  File "/home/silpc065/SANJU/Food_Flash/food_flash_env/lib/python3.10/site-packages/django/template/base.py", line 1008, in render
    return SafeString("".join([node.render_annotated(context) for node in self]))
  File "/home/silpc065/SANJU/Food_Flash/food_flash_env/lib/python3.10/site-packages/django/template/base.py", line 1008, in <listcomp>
    return SafeString("".join([node.render_annotated(context) for node in self]))
  File "/home/silpc065/SANJU/Food_Flash/food_flash_env/lib/python3.10/site-packages/django/template/base.py", line 969, in render_annotated
    return self.render(context)
  File "/home/silpc065/SANJU/Food_Flash/food_flash_env/lib/python3.10/site-packages/django/template/loader_tags.py", line 159, in render
    return compiled_parent._render(context)
  File "/home/silpc065/SANJU/Food_Flash/food_flash_env/lib/python3.10/site-packages/django/template/base.py", line 163, in _render
    return self.nodelist.render(context)
  File "/home/silpc065/SANJU/Food_Flash/food_flash_env/lib/python3.10/site-packages/django/template/base.py", line 1008, in render
    return SafeString("".join([node.render_annotated(context) for node in self]))
  File "/home/silpc065/SANJU/Food_Flash/food_flash_env/lib/python3.10/site-packages/django/template/base.py", line 1008, in <listcomp>
    return SafeString("".join([node.render_annotated(context) for node in self]))
  File "/home/silpc065/SANJU/Food_Flash/food_flash_env/lib/python3.10/site-packages/django/template/base.py", line 969, in render_annotated
    return self.render(context)
  File "/home/silpc065/SANJU/Food_Flash/food_flash_env/lib/python3.10/site-packages/django/template/loader_tags.py", line 65, in render
    result = block.nodelist.render(context)
  File "/home/silpc065/SANJU/Food_Flash/food_flash_env/lib/python3.10/site-packages/django/template/base.py", line 1008, in render
    return SafeString("".join([node.render_annotated(context) for node in self]))
  File "/home/silpc065/SANJU/Food_Flash/food_flash_env/lib/python3.10/site-packages/django/template/base.py", line 1008, in <listcomp>
    return SafeString("".join([node.render_annotated(context) for node in self]))
  File "/home/silpc065/SANJU/Food_Flash/food_flash_env/lib/python3.10/site-packages/django/template/base.py", line 969, in render_annotated
    return self.render(context)
  File "/home/silpc065/SANJU/Food_Flash/food_flash_env/lib/python3.10/site-packages/django/template/loader_tags.py", line 65, in render
    result = block.nodelist.render(context)
  File "/home/silpc065/SANJU/Food_Flash/food_flash_env/lib/python3.10/site-packages/django/template/base.py", line 1008, in render
    return SafeString("".join([node.render_annotated(context) for node in self]))
  File "/home/silpc065/SANJU/Food_Flash/food_flash_env/lib/python3.10/site-packages/django/template/base.py", line 1008, in <listcomp>
    return SafeString("".join([node.render_annotated(context) for node in self]))
  File "/home/silpc065/SANJU/Food_Flash/food_flash_env/lib/python3.10/site-packages/django/template/base.py", line 969, in render_annotated
    return self.render(context)
  File "/home/silpc065/SANJU/Food_Flash/food_flash_env/lib/python3.10/site-packages/django/template/loader_tags.py", line 65, in render
    result = block.nodelist.render(context)
  File "/home/silpc065/SANJU/Food_Flash/food_flash_env/lib/python3.10/site-packages/django/template/base.py", line 1008, in render
    return SafeString("".join([node.render_annotated(context) for node in self]))
  File "/home/silpc065/SANJU/Food_Flash/food_flash_env/lib/python3.10/site-packages/django/template/base.py", line 1008, in <listcomp>
    return SafeString("".join([node.render_annotated(context) for node in self]))
  File "/home/silpc065/SANJU/Food_Flash/food_flash_env/lib/python3.10/site-packages/django/template/base.py", line 969, in render_annotated
    return self.render(context)
  File "/home/silpc065/SANJU/Food_Flash/food_flash_env/lib/python3.10/site-packages/django/template/loader_tags.py", line 65, in render
    result = block.nodelist.render(context)
  File "/home/silpc065/SANJU/Food_Flash/food_flash_env/lib/python3.10/site-packages/django/template/base.py", line 1008, in render
    return SafeString("".join([node.render_annotated(context) for node in self]))
  File "/home/silpc065/SANJU/Food_Flash/food_flash_env/lib/python3.10/site-packages/django/template/base.py", line 1008, in <listcomp>
    return SafeString("".join([node.render_annotated(context) for node in self]))
  File "/home/silpc065/SANJU/Food_Flash/food_flash_env/lib/python3.10/site-packages/django/template/base.py", line 969, in render_annotated
    return self.render(context)
  File "/home/silpc065/SANJU/Food_Flash/food_flash_env/lib/python3.10/site-packages/django/template/loader_tags.py", line 65, in render
    result = block.nodelist.render(context)
  File "/home/silpc065/SANJU/Food_Flash/food_flash_env/lib/python3.10/site-packages/django/template/base.py", line 1008, in render
    return SafeString("".join([node.render_annotated(context) for node in self]))
  File "/home/silpc065/SANJU/Food_Flash/food_flash_env/lib/python3.10/site-packages/django/template/base.py", line 1008, in <listcomp>
    return SafeString("".join([node.render_annotated(context) for node in self]))
  File "/home/silpc065/SANJU/Food_Flash/food_flash_env/lib/python3.10/site-packages/django/template/base.py", line 969, in render_annotated
    return self.render(context)
  File "/home/silpc065/SANJU/Food_Flash/food_flash_env/lib/python3.10/site-packages/django/template/loader_tags.py", line 65, in render
    result = block.nodelist.render(context)
  File "/home/silpc065/SANJU/Food_Flash/food_flash_env/lib/python3.10/site-packages/django/template/base.py", line 1008, in render
    return SafeString("".join([node.render_annotated(context) for node in self]))
  File "/home/silpc065/SANJU/Food_Flash/food_flash_env/lib/python3.10/site-packages/django/template/base.py", line 1008, in <listcomp>
    return SafeString("".join([node.render_annotated(context) for node in self]))
  File "/home/silpc065/SANJU/Food_Flash/food_flash_env/lib/python3.10/site-packages/django/template/base.py", line 969, in render_annotated
    return self.render(context)
  File "/home/silpc065/SANJU/Food_Flash/food_flash_env/lib/python3.10/site-packages/django/template/defaulttags.py", line 243, in render
    nodelist.append(node.render_annotated(context))
  File "/home/silpc065/SANJU/Food_Flash/food_flash_env/lib/python3.10/site-packages/django/template/base.py", line 969, in render_annotated
    return self.render(context)
  File "/home/silpc065/SANJU/Food_Flash/food_flash_env/lib/python3.10/site-packages/django/template/loader_tags.py", line 199, in render
    template = context.template.engine.select_template(template_name)
  File "/home/silpc065/SANJU/Food_Flash/food_flash_env/lib/python3.10/site-packages/django/template/engine.py", line 208, in select_template
    return self.get_template(template_name)
  File "/home/silpc065/SANJU/Food_Flash/food_flash_env/lib/python3.10/site-packages/django/template/engine.py", line 177, in get_template
    template, origin = self.find_template(template_name)
  File "/home/silpc065/SANJU/Food_Flash/food_flash_env/lib/python3.10/site-packages/django/template/engine.py", line 159, in find_template
    template = loader.get_template(name, skip=skip)
  File "/home/silpc065/SANJU/Food_Flash/food_flash_env/lib/python3.10/site-packages/django/template/loaders/cached.py", line 57, in get_template
    template = super().get_template(template_name, skip)
  File "/home/silpc065/SANJU/Food_Flash/food_flash_env/lib/python3.10/site-packages/django/template/loaders/base.py", line 28, in get_template
    return Template(
  File "/home/silpc065/SANJU/Food_Flash/food_flash_env/lib/python3.10/site-packages/django/template/base.py", line 154, in __init__
    self.nodelist = self.compile_nodelist()
  File "/home/silpc065/SANJU/Food_Flash/food_flash_env/lib/python3.10/site-packages/django/template/base.py", line 196, in compile_nodelist
    nodelist = parser.parse()
  File "/home/silpc065/SANJU/Food_Flash/food_flash_env/lib/python3.10/site-packages/django/template/base.py", line 518, in parse
    raise self.error(token, e)
  File "/home/silpc065/SANJU/Food_Flash/food_flash_env/lib/python3.10/site-packages/django/template/base.py", line 516, in parse
    compiled_result = compile_func(self, token)
  File "/home/silpc065/SANJU/Food_Flash/food_flash_env/lib/python3.10/site-packages/django/template/defaulttags.py", line 862, in do_for
    nodelist_loop = parser.parse(
  File "/home/silpc065/SANJU/Food_Flash/food_flash_env/lib/python3.10/site-packages/django/template/base.py", line 518, in parse
    raise self.error(token, e)
  File "/home/silpc065/SANJU/Food_Flash/food_flash_env/lib/python3.10/site-packages/django/template/base.py", line 516, in parse
    compiled_result = compile_func(self, token)
  File "/home/silpc065/SANJU/Food_Flash/food_flash_env/lib/python3.10/site-packages/django/template/defaulttags.py", line 961, in do_if
    condition = TemplateIfParser(parser, bits).parse()
  File "/home/silpc065/SANJU/Food_Flash/food_flash_env/lib/python3.10/site-packages/django/template/defaulttags.py", line 894, in __init__
    super().__init__(*args, **kwargs)
  File "/home/silpc065/SANJU/Food_Flash/food_flash_env/lib/python3.10/site-packages/django/template/smartif.py", line 171, in __init__
    mapped_tokens.append(self.translate_token(token))
  File "/home/silpc065/SANJU/Food_Flash/food_flash_env/lib/python3.10/site-packages/django/template/smartif.py", line 182, in translate_token
    return self.create_var(token)
  File "/home/silpc065/SANJU/Food_Flash/food_flash_env/lib/python3.10/site-packages/django/template/defaulttags.py", line 897, in create_var
    return TemplateLiteral(self.template_parser.compile_filter(value), value)
  File "/home/silpc065/SANJU/Food_Flash/food_flash_env/lib/python3.10/site-packages/django/template/base.py", line 605, in compile_filter
    return FilterExpression(token, self)
  File "/home/silpc065/SANJU/Food_Flash/food_flash_env/lib/python3.10/site-packages/django/template/base.py", line 701, in __init__
    filter_func = parser.find_filter(filter_name)
  File "/home/silpc065/SANJU/Food_Flash/food_flash_env/lib/python3.10/site-packages/django/template/base.py", line 611, in find_filter
    raise TemplateSyntaxError("Invalid filter: '%s'" % filter_name)
django.template.exceptions.TemplateSyntaxError: Invalid filter: 'length_is'
"GET /admin/vendors/device/add/ HTTP/1.1" 500 802552
Internal Server Error: /admin/vendors/device/add/
Traceback (most recent call last):
  File "/home/silpc065/SANJU/Food_Flash/food_flash_env/lib/python3.10/site-packages/django/template/smartif.py", line 180, in translate_token
    op = OPERATORS[token]
KeyError: "line.fields|length_is:'1'"

During handling of the above exception, another exception occurred:

Traceback (most recent call last):
  File "/home/silpc065/SANJU/Food_Flash/food_flash_env/lib/python3.10/site-packages/django/core/handlers/exception.py", line 55, in inner
    response = get_response(request)
  File "/home/silpc065/SANJU/Food_Flash/food_flash_env/lib/python3.10/site-packages/django/core/handlers/base.py", line 220, in _get_response
    response = response.render()
  File "/home/silpc065/SANJU/Food_Flash/food_flash_env/lib/python3.10/site-packages/django/template/response.py", line 114, in render
    self.content = self.rendered_content
  File "/home/silpc065/SANJU/Food_Flash/food_flash_env/lib/python3.10/site-packages/django/template/response.py", line 92, in rendered_content
    return template.render(context, self._request)
  File "/home/silpc065/SANJU/Food_Flash/food_flash_env/lib/python3.10/site-packages/django/template/backends/django.py", line 107, in render
    return self.template.render(context)
  File "/home/silpc065/SANJU/Food_Flash/food_flash_env/lib/python3.10/site-packages/django/template/base.py", line 171, in render
    return self._render(context)
  File "/home/silpc065/SANJU/Food_Flash/food_flash_env/lib/python3.10/site-packages/django/template/base.py", line 163, in _render
    return self.nodelist.render(context)
  File "/home/silpc065/SANJU/Food_Flash/food_flash_env/lib/python3.10/site-packages/django/template/base.py", line 1008, in render
    return SafeString("".join([node.render_annotated(context) for node in self]))
  File "/home/silpc065/SANJU/Food_Flash/food_flash_env/lib/python3.10/site-packages/django/template/base.py", line 1008, in <listcomp>
    return SafeString("".join([node.render_annotated(context) for node in self]))
  File "/home/silpc065/SANJU/Food_Flash/food_flash_env/lib/python3.10/site-packages/django/template/base.py", line 969, in render_annotated
    return self.render(context)
  File "/home/silpc065/SANJU/Food_Flash/food_flash_env/lib/python3.10/site-packages/django/template/loader_tags.py", line 159, in render
    return compiled_parent._render(context)
  File "/home/silpc065/SANJU/Food_Flash/food_flash_env/lib/python3.10/site-packages/django/template/base.py", line 163, in _render
    return self.nodelist.render(context)
  File "/home/silpc065/SANJU/Food_Flash/food_flash_env/lib/python3.10/site-packages/django/template/base.py", line 1008, in render
    return SafeString("".join([node.render_annotated(context) for node in self]))
  File "/home/silpc065/SANJU/Food_Flash/food_flash_env/lib/python3.10/site-packages/django/template/base.py", line 1008, in <listcomp>
    return SafeString("".join([node.render_annotated(context) for node in self]))
  File "/home/silpc065/SANJU/Food_Flash/food_flash_env/lib/python3.10/site-packages/django/template/base.py", line 969, in render_annotated
    return self.render(context)
  File "/home/silpc065/SANJU/Food_Flash/food_flash_env/lib/python3.10/site-packages/django/template/loader_tags.py", line 159, in render
    return compiled_parent._render(context)
  File "/home/silpc065/SANJU/Food_Flash/food_flash_env/lib/python3.10/site-packages/django/template/base.py", line 163, in _render
    return self.nodelist.render(context)
  File "/home/silpc065/SANJU/Food_Flash/food_flash_env/lib/python3.10/site-packages/django/template/base.py", line 1008, in render
    return SafeString("".join([node.render_annotated(context) for node in self]))
  File "/home/silpc065/SANJU/Food_Flash/food_flash_env/lib/python3.10/site-packages/django/template/base.py", line 1008, in <listcomp>
    return SafeString("".join([node.render_annotated(context) for node in self]))
  File "/home/silpc065/SANJU/Food_Flash/food_flash_env/lib/python3.10/site-packages/django/template/base.py", line 969, in render_annotated
    return self.render(context)
  File "/home/silpc065/SANJU/Food_Flash/food_flash_env/lib/python3.10/site-packages/django/template/loader_tags.py", line 159, in render
    return compiled_parent._render(context)
  File "/home/silpc065/SANJU/Food_Flash/food_flash_env/lib/python3.10/site-packages/django/template/base.py", line 163, in _render
    return self.nodelist.render(context)
  File "/home/silpc065/SANJU/Food_Flash/food_flash_env/lib/python3.10/site-packages/django/template/base.py", line 1008, in render
    return SafeString("".join([node.render_annotated(context) for node in self]))
  File "/home/silpc065/SANJU/Food_Flash/food_flash_env/lib/python3.10/site-packages/django/template/base.py", line 1008, in <listcomp>
    return SafeString("".join([node.render_annotated(context) for node in self]))
  File "/home/silpc065/SANJU/Food_Flash/food_flash_env/lib/python3.10/site-packages/django/template/base.py", line 969, in render_annotated
    return self.render(context)
  File "/home/silpc065/SANJU/Food_Flash/food_flash_env/lib/python3.10/site-packages/django/template/loader_tags.py", line 65, in render
    result = block.nodelist.render(context)
  File "/home/silpc065/SANJU/Food_Flash/food_flash_env/lib/python3.10/site-packages/django/template/base.py", line 1008, in render
    return SafeString("".join([node.render_annotated(context) for node in self]))
  File "/home/silpc065/SANJU/Food_Flash/food_flash_env/lib/python3.10/site-packages/django/template/base.py", line 1008, in <listcomp>
    return SafeString("".join([node.render_annotated(context) for node in self]))
  File "/home/silpc065/SANJU/Food_Flash/food_flash_env/lib/python3.10/site-packages/django/template/base.py", line 969, in render_annotated
    return self.render(context)
  File "/home/silpc065/SANJU/Food_Flash/food_flash_env/lib/python3.10/site-packages/django/template/loader_tags.py", line 65, in render
    result = block.nodelist.render(context)
  File "/home/silpc065/SANJU/Food_Flash/food_flash_env/lib/python3.10/site-packages/django/template/base.py", line 1008, in render
    return SafeString("".join([node.render_annotated(context) for node in self]))
  File "/home/silpc065/SANJU/Food_Flash/food_flash_env/lib/python3.10/site-packages/django/template/base.py", line 1008, in <listcomp>
    return SafeString("".join([node.render_annotated(context) for node in self]))
  File "/home/silpc065/SANJU/Food_Flash/food_flash_env/lib/python3.10/site-packages/django/template/base.py", line 969, in render_annotated
    return self.render(context)
  File "/home/silpc065/SANJU/Food_Flash/food_flash_env/lib/python3.10/site-packages/django/template/loader_tags.py", line 65, in render
    result = block.nodelist.render(context)
  File "/home/silpc065/SANJU/Food_Flash/food_flash_env/lib/python3.10/site-packages/django/template/base.py", line 1008, in render
    return SafeString("".join([node.render_annotated(context) for node in self]))
  File "/home/silpc065/SANJU/Food_Flash/food_flash_env/lib/python3.10/site-packages/django/template/base.py", line 1008, in <listcomp>
    return SafeString("".join([node.render_annotated(context) for node in self]))
  File "/home/silpc065/SANJU/Food_Flash/food_flash_env/lib/python3.10/site-packages/django/template/base.py", line 969, in render_annotated
    return self.render(context)
  File "/home/silpc065/SANJU/Food_Flash/food_flash_env/lib/python3.10/site-packages/django/template/loader_tags.py", line 65, in render
    result = block.nodelist.render(context)
  File "/home/silpc065/SANJU/Food_Flash/food_flash_env/lib/python3.10/site-packages/django/template/base.py", line 1008, in render
    return SafeString("".join([node.render_annotated(context) for node in self]))
  File "/home/silpc065/SANJU/Food_Flash/food_flash_env/lib/python3.10/site-packages/django/template/base.py", line 1008, in <listcomp>
    return SafeString("".join([node.render_annotated(context) for node in self]))
  File "/home/silpc065/SANJU/Food_Flash/food_flash_env/lib/python3.10/site-packages/django/template/base.py", line 969, in render_annotated
    return self.render(context)
  File "/home/silpc065/SANJU/Food_Flash/food_flash_env/lib/python3.10/site-packages/django/template/loader_tags.py", line 65, in render
    result = block.nodelist.render(context)
  File "/home/silpc065/SANJU/Food_Flash/food_flash_env/lib/python3.10/site-packages/django/template/base.py", line 1008, in render
    return SafeString("".join([node.render_annotated(context) for node in self]))
  File "/home/silpc065/SANJU/Food_Flash/food_flash_env/lib/python3.10/site-packages/django/template/base.py", line 1008, in <listcomp>
    return SafeString("".join([node.render_annotated(context) for node in self]))
  File "/home/silpc065/SANJU/Food_Flash/food_flash_env/lib/python3.10/site-packages/django/template/base.py", line 969, in render_annotated
    return self.render(context)
  File "/home/silpc065/SANJU/Food_Flash/food_flash_env/lib/python3.10/site-packages/django/template/loader_tags.py", line 65, in render
    result = block.nodelist.render(context)
  File "/home/silpc065/SANJU/Food_Flash/food_flash_env/lib/python3.10/site-packages/django/template/base.py", line 1008, in render
    return SafeString("".join([node.render_annotated(context) for node in self]))
  File "/home/silpc065/SANJU/Food_Flash/food_flash_env/lib/python3.10/site-packages/django/template/base.py", line 1008, in <listcomp>
    return SafeString("".join([node.render_annotated(context) for node in self]))
  File "/home/silpc065/SANJU/Food_Flash/food_flash_env/lib/python3.10/site-packages/django/template/base.py", line 969, in render_annotated
    return self.render(context)
  File "/home/silpc065/SANJU/Food_Flash/food_flash_env/lib/python3.10/site-packages/django/template/defaulttags.py", line 243, in render
    nodelist.append(node.render_annotated(context))
  File "/home/silpc065/SANJU/Food_Flash/food_flash_env/lib/python3.10/site-packages/django/template/base.py", line 969, in render_annotated
    return self.render(context)
  File "/home/silpc065/SANJU/Food_Flash/food_flash_env/lib/python3.10/site-packages/django/template/loader_tags.py", line 199, in render
    template = context.template.engine.select_template(template_name)
  File "/home/silpc065/SANJU/Food_Flash/food_flash_env/lib/python3.10/site-packages/django/template/engine.py", line 208, in select_template
    return self.get_template(template_name)
  File "/home/silpc065/SANJU/Food_Flash/food_flash_env/lib/python3.10/site-packages/django/template/engine.py", line 177, in get_template
    template, origin = self.find_template(template_name)
  File "/home/silpc065/SANJU/Food_Flash/food_flash_env/lib/python3.10/site-packages/django/template/engine.py", line 159, in find_template
    template = loader.get_template(name, skip=skip)
  File "/home/silpc065/SANJU/Food_Flash/food_flash_env/lib/python3.10/site-packages/django/template/loaders/cached.py", line 57, in get_template
    template = super().get_template(template_name, skip)
  File "/home/silpc065/SANJU/Food_Flash/food_flash_env/lib/python3.10/site-packages/django/template/loaders/base.py", line 28, in get_template
    return Template(
  File "/home/silpc065/SANJU/Food_Flash/food_flash_env/lib/python3.10/site-packages/django/template/base.py", line 154, in __init__
    self.nodelist = self.compile_nodelist()
  File "/home/silpc065/SANJU/Food_Flash/food_flash_env/lib/python3.10/site-packages/django/template/base.py", line 196, in compile_nodelist
    nodelist = parser.parse()
  File "/home/silpc065/SANJU/Food_Flash/food_flash_env/lib/python3.10/site-packages/django/template/base.py", line 518, in parse
    raise self.error(token, e)
  File "/home/silpc065/SANJU/Food_Flash/food_flash_env/lib/python3.10/site-packages/django/template/base.py", line 516, in parse
    compiled_result = compile_func(self, token)
  File "/home/silpc065/SANJU/Food_Flash/food_flash_env/lib/python3.10/site-packages/django/template/defaulttags.py", line 862, in do_for
    nodelist_loop = parser.parse(
  File "/home/silpc065/SANJU/Food_Flash/food_flash_env/lib/python3.10/site-packages/django/template/base.py", line 518, in parse
    raise self.error(token, e)
  File "/home/silpc065/SANJU/Food_Flash/food_flash_env/lib/python3.10/site-packages/django/template/base.py", line 516, in parse
    compiled_result = compile_func(self, token)
  File "/home/silpc065/SANJU/Food_Flash/food_flash_env/lib/python3.10/site-packages/django/template/defaulttags.py", line 961, in do_if
    condition = TemplateIfParser(parser, bits).parse()
  File "/home/silpc065/SANJU/Food_Flash/food_flash_env/lib/python3.10/site-packages/django/template/defaulttags.py", line 894, in __init__
    super().__init__(*args, **kwargs)
  File "/home/silpc065/SANJU/Food_Flash/food_flash_env/lib/python3.10/site-packages/django/template/smartif.py", line 171, in __init__
    mapped_tokens.append(self.translate_token(token))
  File "/home/silpc065/SANJU/Food_Flash/food_flash_env/lib/python3.10/site-packages/django/template/smartif.py", line 182, in translate_token
    return self.create_var(token)
  File "/home/silpc065/SANJU/Food_Flash/food_flash_env/lib/python3.10/site-packages/django/template/defaulttags.py", line 897, in create_var
    return TemplateLiteral(self.template_parser.compile_filter(value), value)
  File "/home/silpc065/SANJU/Food_Flash/food_flash_env/lib/python3.10/site-packages/django/template/base.py", line 605, in compile_filter
    return FilterExpression(token, self)
  File "/home/silpc065/SANJU/Food_Flash/food_flash_env/lib/python3.10/site-packages/django/template/base.py", line 701, in __init__
    filter_func = parser.find_filter(filter_name)
  File "/home/silpc065/SANJU/Food_Flash/food_flash_env/lib/python3.10/site-packages/django/template/base.py", line 611, in find_filter
    raise TemplateSyntaxError("Invalid filter: '%s'" % filter_name)
django.template.exceptions.TemplateSyntaxError: Invalid filter: 'length_is'
"GET /admin/vendors/device/add/ HTTP/1.1" 500 802952
Internal Server Error: /admin/vendors/device/add/
Traceback (most recent call last):
  File "/home/silpc065/SANJU/Food_Flash/food_flash_env/lib/python3.10/site-packages/django/template/smartif.py", line 180, in translate_token
    op = OPERATORS[token]
KeyError: "line.fields|length_is:'1'"

During handling of the above exception, another exception occurred:

Traceback (most recent call last):
  File "/home/silpc065/SANJU/Food_Flash/food_flash_env/lib/python3.10/site-packages/django/core/handlers/exception.py", line 55, in inner
    response = get_response(request)
  File "/home/silpc065/SANJU/Food_Flash/food_flash_env/lib/python3.10/site-packages/django/core/handlers/base.py", line 220, in _get_response
    response = response.render()
  File "/home/silpc065/SANJU/Food_Flash/food_flash_env/lib/python3.10/site-packages/django/template/response.py", line 114, in render
    self.content = self.rendered_content
  File "/home/silpc065/SANJU/Food_Flash/food_flash_env/lib/python3.10/site-packages/django/template/response.py", line 92, in rendered_content
    return template.render(context, self._request)
  File "/home/silpc065/SANJU/Food_Flash/food_flash_env/lib/python3.10/site-packages/django/template/backends/django.py", line 107, in render
    return self.template.render(context)
  File "/home/silpc065/SANJU/Food_Flash/food_flash_env/lib/python3.10/site-packages/django/template/base.py", line 171, in render
    return self._render(context)
  File "/home/silpc065/SANJU/Food_Flash/food_flash_env/lib/python3.10/site-packages/django/template/base.py", line 163, in _render
    return self.nodelist.render(context)
  File "/home/silpc065/SANJU/Food_Flash/food_flash_env/lib/python3.10/site-packages/django/template/base.py", line 1008, in render
    return SafeString("".join([node.render_annotated(context) for node in self]))
  File "/home/silpc065/SANJU/Food_Flash/food_flash_env/lib/python3.10/site-packages/django/template/base.py", line 1008, in <listcomp>
    return SafeString("".join([node.render_annotated(context) for node in self]))
  File "/home/silpc065/SANJU/Food_Flash/food_flash_env/lib/python3.10/site-packages/django/template/base.py", line 969, in render_annotated
    return self.render(context)
  File "/home/silpc065/SANJU/Food_Flash/food_flash_env/lib/python3.10/site-packages/django/template/loader_tags.py", line 159, in render
    return compiled_parent._render(context)
  File "/home/silpc065/SANJU/Food_Flash/food_flash_env/lib/python3.10/site-packages/django/template/base.py", line 163, in _render
    return self.nodelist.render(context)
  File "/home/silpc065/SANJU/Food_Flash/food_flash_env/lib/python3.10/site-packages/django/template/base.py", line 1008, in render
    return SafeString("".join([node.render_annotated(context) for node in self]))
  File "/home/silpc065/SANJU/Food_Flash/food_flash_env/lib/python3.10/site-packages/django/template/base.py", line 1008, in <listcomp>
    return SafeString("".join([node.render_annotated(context) for node in self]))
  File "/home/silpc065/SANJU/Food_Flash/food_flash_env/lib/python3.10/site-packages/django/template/base.py", line 969, in render_annotated
    return self.render(context)
  File "/home/silpc065/SANJU/Food_Flash/food_flash_env/lib/python3.10/site-packages/django/template/loader_tags.py", line 159, in render
    return compiled_parent._render(context)
  File "/home/silpc065/SANJU/Food_Flash/food_flash_env/lib/python3.10/site-packages/django/template/base.py", line 163, in _render
    return self.nodelist.render(context)
  File "/home/silpc065/SANJU/Food_Flash/food_flash_env/lib/python3.10/site-packages/django/template/base.py", line 1008, in render
    return SafeString("".join([node.render_annotated(context) for node in self]))
  File "/home/silpc065/SANJU/Food_Flash/food_flash_env/lib/python3.10/site-packages/django/template/base.py", line 1008, in <listcomp>
    return SafeString("".join([node.render_annotated(context) for node in self]))
  File "/home/silpc065/SANJU/Food_Flash/food_flash_env/lib/python3.10/site-packages/django/template/base.py", line 969, in render_annotated
    return self.render(context)
  File "/home/silpc065/SANJU/Food_Flash/food_flash_env/lib/python3.10/site-packages/django/template/loader_tags.py", line 159, in render
    return compiled_parent._render(context)
  File "/home/silpc065/SANJU/Food_Flash/food_flash_env/lib/python3.10/site-packages/django/template/base.py", line 163, in _render
    return self.nodelist.render(context)
  File "/home/silpc065/SANJU/Food_Flash/food_flash_env/lib/python3.10/site-packages/django/template/base.py", line 1008, in render
    return SafeString("".join([node.render_annotated(context) for node in self]))
  File "/home/silpc065/SANJU/Food_Flash/food_flash_env/lib/python3.10/site-packages/django/template/base.py", line 1008, in <listcomp>
    return SafeString("".join([node.render_annotated(context) for node in self]))
  File "/home/silpc065/SANJU/Food_Flash/food_flash_env/lib/python3.10/site-packages/django/template/base.py", line 969, in render_annotated
    return self.render(context)
  File "/home/silpc065/SANJU/Food_Flash/food_flash_env/lib/python3.10/site-packages/django/template/loader_tags.py", line 65, in render
    result = block.nodelist.render(context)
  File "/home/silpc065/SANJU/Food_Flash/food_flash_env/lib/python3.10/site-packages/django/template/base.py", line 1008, in render
    return SafeString("".join([node.render_annotated(context) for node in self]))
  File "/home/silpc065/SANJU/Food_Flash/food_flash_env/lib/python3.10/site-packages/django/template/base.py", line 1008, in <listcomp>
    return SafeString("".join([node.render_annotated(context) for node in self]))
  File "/home/silpc065/SANJU/Food_Flash/food_flash_env/lib/python3.10/site-packages/django/template/base.py", line 969, in render_annotated
    return self.render(context)
  File "/home/silpc065/SANJU/Food_Flash/food_flash_env/lib/python3.10/site-packages/django/template/loader_tags.py", line 65, in render
    result = block.nodelist.render(context)
  File "/home/silpc065/SANJU/Food_Flash/food_flash_env/lib/python3.10/site-packages/django/template/base.py", line 1008, in render
    return SafeString("".join([node.render_annotated(context) for node in self]))
  File "/home/silpc065/SANJU/Food_Flash/food_flash_env/lib/python3.10/site-packages/django/template/base.py", line 1008, in <listcomp>
    return SafeString("".join([node.render_annotated(context) for node in self]))
  File "/home/silpc065/SANJU/Food_Flash/food_flash_env/lib/python3.10/site-packages/django/template/base.py", line 969, in render_annotated
    return self.render(context)
  File "/home/silpc065/SANJU/Food_Flash/food_flash_env/lib/python3.10/site-packages/django/template/loader_tags.py", line 65, in render
    result = block.nodelist.render(context)
  File "/home/silpc065/SANJU/Food_Flash/food_flash_env/lib/python3.10/site-packages/django/template/base.py", line 1008, in render
    return SafeString("".join([node.render_annotated(context) for node in self]))
  File "/home/silpc065/SANJU/Food_Flash/food_flash_env/lib/python3.10/site-packages/django/template/base.py", line 1008, in <listcomp>
    return SafeString("".join([node.render_annotated(context) for node in self]))
  File "/home/silpc065/SANJU/Food_Flash/food_flash_env/lib/python3.10/site-packages/django/template/base.py", line 969, in render_annotated
    return self.render(context)
  File "/home/silpc065/SANJU/Food_Flash/food_flash_env/lib/python3.10/site-packages/django/template/loader_tags.py", line 65, in render
    result = block.nodelist.render(context)
  File "/home/silpc065/SANJU/Food_Flash/food_flash_env/lib/python3.10/site-packages/django/template/base.py", line 1008, in render
    return SafeString("".join([node.render_annotated(context) for node in self]))
  File "/home/silpc065/SANJU/Food_Flash/food_flash_env/lib/python3.10/site-packages/django/template/base.py", line 1008, in <listcomp>
    return SafeString("".join([node.render_annotated(context) for node in self]))
  File "/home/silpc065/SANJU/Food_Flash/food_flash_env/lib/python3.10/site-packages/django/template/base.py", line 969, in render_annotated
    return self.render(context)
  File "/home/silpc065/SANJU/Food_Flash/food_flash_env/lib/python3.10/site-packages/django/template/loader_tags.py", line 65, in render
    result = block.nodelist.render(context)
  File "/home/silpc065/SANJU/Food_Flash/food_flash_env/lib/python3.10/site-packages/django/template/base.py", line 1008, in render
    return SafeString("".join([node.render_annotated(context) for node in self]))
  File "/home/silpc065/SANJU/Food_Flash/food_flash_env/lib/python3.10/site-packages/django/template/base.py", line 1008, in <listcomp>
    return SafeString("".join([node.render_annotated(context) for node in self]))
  File "/home/silpc065/SANJU/Food_Flash/food_flash_env/lib/python3.10/site-packages/django/template/base.py", line 969, in render_annotated
    return self.render(context)
  File "/home/silpc065/SANJU/Food_Flash/food_flash_env/lib/python3.10/site-packages/django/template/loader_tags.py", line 65, in render
    result = block.nodelist.render(context)
  File "/home/silpc065/SANJU/Food_Flash/food_flash_env/lib/python3.10/site-packages/django/template/base.py", line 1008, in render
    return SafeString("".join([node.render_annotated(context) for node in self]))
  File "/home/silpc065/SANJU/Food_Flash/food_flash_env/lib/python3.10/site-packages/django/template/base.py", line 1008, in <listcomp>
    return SafeString("".join([node.render_annotated(context) for node in self]))
  File "/home/silpc065/SANJU/Food_Flash/food_flash_env/lib/python3.10/site-packages/django/template/base.py", line 969, in render_annotated
    return self.render(context)
  File "/home/silpc065/SANJU/Food_Flash/food_flash_env/lib/python3.10/site-packages/django/template/defaulttags.py", line 243, in render
    nodelist.append(node.render_annotated(context))
  File "/home/silpc065/SANJU/Food_Flash/food_flash_env/lib/python3.10/site-packages/django/template/base.py", line 969, in render_annotated
    return self.render(context)
  File "/home/silpc065/SANJU/Food_Flash/food_flash_env/lib/python3.10/site-packages/django/template/loader_tags.py", line 199, in render
    template = context.template.engine.select_template(template_name)
  File "/home/silpc065/SANJU/Food_Flash/food_flash_env/lib/python3.10/site-packages/django/template/engine.py", line 208, in select_template
    return self.get_template(template_name)
  File "/home/silpc065/SANJU/Food_Flash/food_flash_env/lib/python3.10/site-packages/django/template/engine.py", line 177, in get_template
    template, origin = self.find_template(template_name)
  File "/home/silpc065/SANJU/Food_Flash/food_flash_env/lib/python3.10/site-packages/django/template/engine.py", line 159, in find_template
    template = loader.get_template(name, skip=skip)
  File "/home/silpc065/SANJU/Food_Flash/food_flash_env/lib/python3.10/site-packages/django/template/loaders/cached.py", line 57, in get_template
    template = super().get_template(template_name, skip)
  File "/home/silpc065/SANJU/Food_Flash/food_flash_env/lib/python3.10/site-packages/django/template/loaders/base.py", line 28, in get_template
    return Template(
  File "/home/silpc065/SANJU/Food_Flash/food_flash_env/lib/python3.10/site-packages/django/template/base.py", line 154, in __init__
    self.nodelist = self.compile_nodelist()
  File "/home/silpc065/SANJU/Food_Flash/food_flash_env/lib/python3.10/site-packages/django/template/base.py", line 196, in compile_nodelist
    nodelist = parser.parse()
  File "/home/silpc065/SANJU/Food_Flash/food_flash_env/lib/python3.10/site-packages/django/template/base.py", line 518, in parse
    raise self.error(token, e)
  File "/home/silpc065/SANJU/Food_Flash/food_flash_env/lib/python3.10/site-packages/django/template/base.py", line 516, in parse
    compiled_result = compile_func(self, token)
  File "/home/silpc065/SANJU/Food_Flash/food_flash_env/lib/python3.10/site-packages/django/template/defaulttags.py", line 862, in do_for
    nodelist_loop = parser.parse(
  File "/home/silpc065/SANJU/Food_Flash/food_flash_env/lib/python3.10/site-packages/django/template/base.py", line 518, in parse
    raise self.error(token, e)
  File "/home/silpc065/SANJU/Food_Flash/food_flash_env/lib/python3.10/site-packages/django/template/base.py", line 516, in parse
    compiled_result = compile_func(self, token)
  File "/home/silpc065/SANJU/Food_Flash/food_flash_env/lib/python3.10/site-packages/django/template/defaulttags.py", line 961, in do_if
    condition = TemplateIfParser(parser, bits).parse()
  File "/home/silpc065/SANJU/Food_Flash/food_flash_env/lib/python3.10/site-packages/django/template/defaulttags.py", line 894, in __init__
    super().__init__(*args, **kwargs)
  File "/home/silpc065/SANJU/Food_Flash/food_flash_env/lib/python3.10/site-packages/django/template/smartif.py", line 171, in __init__
    mapped_tokens.append(self.translate_token(token))
  File "/home/silpc065/SANJU/Food_Flash/food_flash_env/lib/python3.10/site-packages/django/template/smartif.py", line 182, in translate_token
    return self.create_var(token)
  File "/home/silpc065/SANJU/Food_Flash/food_flash_env/lib/python3.10/site-packages/django/template/defaulttags.py", line 897, in create_var
    return TemplateLiteral(self.template_parser.compile_filter(value), value)
  File "/home/silpc065/SANJU/Food_Flash/food_flash_env/lib/python3.10/site-packages/django/template/base.py", line 605, in compile_filter
    return FilterExpression(token, self)
  File "/home/silpc065/SANJU/Food_Flash/food_flash_env/lib/python3.10/site-packages/django/template/base.py", line 701, in __init__
    filter_func = parser.find_filter(filter_name)
  File "/home/silpc065/SANJU/Food_Flash/food_flash_env/lib/python3.10/site-packages/django/template/base.py", line 611, in find_filter
    raise TemplateSyntaxError("Invalid filter: '%s'" % filter_name)
django.template.exceptions.TemplateSyntaxError: Invalid filter: 'length_is'
"GET /admin/vendors/device/add/ HTTP/1.1" 500 803217
Internal Server Error: /admin/vendors/device/add/
Traceback (most recent call last):
  File "/home/silpc065/SANJU/Food_Flash/food_flash_env/lib/python3.10/site-packages/django/template/smartif.py", line 180, in translate_token
    op = OPERATORS[token]
KeyError: "line.fields|length_is:'1'"

During handling of the above exception, another exception occurred:

Traceback (most recent call last):
  File "/home/silpc065/SANJU/Food_Flash/food_flash_env/lib/python3.10/site-packages/django/core/handlers/exception.py", line 55, in inner
    response = get_response(request)
  File "/home/silpc065/SANJU/Food_Flash/food_flash_env/lib/python3.10/site-packages/django/core/handlers/base.py", line 220, in _get_response
    response = response.render()
  File "/home/silpc065/SANJU/Food_Flash/food_flash_env/lib/python3.10/site-packages/django/template/response.py", line 114, in render
    self.content = self.rendered_content
  File "/home/silpc065/SANJU/Food_Flash/food_flash_env/lib/python3.10/site-packages/django/template/response.py", line 92, in rendered_content
    return template.render(context, self._request)
  File "/home/silpc065/SANJU/Food_Flash/food_flash_env/lib/python3.10/site-packages/django/template/backends/django.py", line 107, in render
    return self.template.render(context)
  File "/home/silpc065/SANJU/Food_Flash/food_flash_env/lib/python3.10/site-packages/django/template/base.py", line 171, in render
    return self._render(context)
  File "/home/silpc065/SANJU/Food_Flash/food_flash_env/lib/python3.10/site-packages/django/template/base.py", line 163, in _render
    return self.nodelist.render(context)
  File "/home/silpc065/SANJU/Food_Flash/food_flash_env/lib/python3.10/site-packages/django/template/base.py", line 1008, in render
    return SafeString("".join([node.render_annotated(context) for node in self]))
  File "/home/silpc065/SANJU/Food_Flash/food_flash_env/lib/python3.10/site-packages/django/template/base.py", line 1008, in <listcomp>
    return SafeString("".join([node.render_annotated(context) for node in self]))
  File "/home/silpc065/SANJU/Food_Flash/food_flash_env/lib/python3.10/site-packages/django/template/base.py", line 969, in render_annotated
    return self.render(context)
  File "/home/silpc065/SANJU/Food_Flash/food_flash_env/lib/python3.10/site-packages/django/template/loader_tags.py", line 159, in render
    return compiled_parent._render(context)
  File "/home/silpc065/SANJU/Food_Flash/food_flash_env/lib/python3.10/site-packages/django/template/base.py", line 163, in _render
    return self.nodelist.render(context)
  File "/home/silpc065/SANJU/Food_Flash/food_flash_env/lib/python3.10/site-packages/django/template/base.py", line 1008, in render
    return SafeString("".join([node.render_annotated(context) for node in self]))
  File "/home/silpc065/SANJU/Food_Flash/food_flash_env/lib/python3.10/site-packages/django/template/base.py", line 1008, in <listcomp>
    return SafeString("".join([node.render_annotated(context) for node in self]))
  File "/home/silpc065/SANJU/Food_Flash/food_flash_env/lib/python3.10/site-packages/django/template/base.py", line 969, in render_annotated
    return self.render(context)
  File "/home/silpc065/SANJU/Food_Flash/food_flash_env/lib/python3.10/site-packages/django/template/loader_tags.py", line 159, in render
    return compiled_parent._render(context)
  File "/home/silpc065/SANJU/Food_Flash/food_flash_env/lib/python3.10/site-packages/django/template/base.py", line 163, in _render
    return self.nodelist.render(context)
  File "/home/silpc065/SANJU/Food_Flash/food_flash_env/lib/python3.10/site-packages/django/template/base.py", line 1008, in render
    return SafeString("".join([node.render_annotated(context) for node in self]))
  File "/home/silpc065/SANJU/Food_Flash/food_flash_env/lib/python3.10/site-packages/django/template/base.py", line 1008, in <listcomp>
    return SafeString("".join([node.render_annotated(context) for node in self]))
  File "/home/silpc065/SANJU/Food_Flash/food_flash_env/lib/python3.10/site-packages/django/template/base.py", line 969, in render_annotated
    return self.render(context)
  File "/home/silpc065/SANJU/Food_Flash/food_flash_env/lib/python3.10/site-packages/django/template/loader_tags.py", line 159, in render
    return compiled_parent._render(context)
  File "/home/silpc065/SANJU/Food_Flash/food_flash_env/lib/python3.10/site-packages/django/template/base.py", line 163, in _render
    return self.nodelist.render(context)
  File "/home/silpc065/SANJU/Food_Flash/food_flash_env/lib/python3.10/site-packages/django/template/base.py", line 1008, in render
    return SafeString("".join([node.render_annotated(context) for node in self]))
  File "/home/silpc065/SANJU/Food_Flash/food_flash_env/lib/python3.10/site-packages/django/template/base.py", line 1008, in <listcomp>
    return SafeString("".join([node.render_annotated(context) for node in self]))
  File "/home/silpc065/SANJU/Food_Flash/food_flash_env/lib/python3.10/site-packages/django/template/base.py", line 969, in render_annotated
    return self.render(context)
  File "/home/silpc065/SANJU/Food_Flash/food_flash_env/lib/python3.10/site-packages/django/template/loader_tags.py", line 65, in render
    result = block.nodelist.render(context)
  File "/home/silpc065/SANJU/Food_Flash/food_flash_env/lib/python3.10/site-packages/django/template/base.py", line 1008, in render
    return SafeString("".join([node.render_annotated(context) for node in self]))
  File "/home/silpc065/SANJU/Food_Flash/food_flash_env/lib/python3.10/site-packages/django/template/base.py", line 1008, in <listcomp>
    return SafeString("".join([node.render_annotated(context) for node in self]))
  File "/home/silpc065/SANJU/Food_Flash/food_flash_env/lib/python3.10/site-packages/django/template/base.py", line 969, in render_annotated
    return self.render(context)
  File "/home/silpc065/SANJU/Food_Flash/food_flash_env/lib/python3.10/site-packages/django/template/loader_tags.py", line 65, in render
    result = block.nodelist.render(context)
  File "/home/silpc065/SANJU/Food_Flash/food_flash_env/lib/python3.10/site-packages/django/template/base.py", line 1008, in render
    return SafeString("".join([node.render_annotated(context) for node in self]))
  File "/home/silpc065/SANJU/Food_Flash/food_flash_env/lib/python3.10/site-packages/django/template/base.py", line 1008, in <listcomp>
    return SafeString("".join([node.render_annotated(context) for node in self]))
  File "/home/silpc065/SANJU/Food_Flash/food_flash_env/lib/python3.10/site-packages/django/template/base.py", line 969, in render_annotated
    return self.render(context)
  File "/home/silpc065/SANJU/Food_Flash/food_flash_env/lib/python3.10/site-packages/django/template/loader_tags.py", line 65, in render
    result = block.nodelist.render(context)
  File "/home/silpc065/SANJU/Food_Flash/food_flash_env/lib/python3.10/site-packages/django/template/base.py", line 1008, in render
    return SafeString("".join([node.render_annotated(context) for node in self]))
  File "/home/silpc065/SANJU/Food_Flash/food_flash_env/lib/python3.10/site-packages/django/template/base.py", line 1008, in <listcomp>
    return SafeString("".join([node.render_annotated(context) for node in self]))
  File "/home/silpc065/SANJU/Food_Flash/food_flash_env/lib/python3.10/site-packages/django/template/base.py", line 969, in render_annotated
    return self.render(context)
  File "/home/silpc065/SANJU/Food_Flash/food_flash_env/lib/python3.10/site-packages/django/template/loader_tags.py", line 65, in render
    result = block.nodelist.render(context)
  File "/home/silpc065/SANJU/Food_Flash/food_flash_env/lib/python3.10/site-packages/django/template/base.py", line 1008, in render
    return SafeString("".join([node.render_annotated(context) for node in self]))
  File "/home/silpc065/SANJU/Food_Flash/food_flash_env/lib/python3.10/site-packages/django/template/base.py", line 1008, in <listcomp>
    return SafeString("".join([node.render_annotated(context) for node in self]))
  File "/home/silpc065/SANJU/Food_Flash/food_flash_env/lib/python3.10/site-packages/django/template/base.py", line 969, in render_annotated
    return self.render(context)
  File "/home/silpc065/SANJU/Food_Flash/food_flash_env/lib/python3.10/site-packages/django/template/loader_tags.py", line 65, in render
    result = block.nodelist.render(context)
  File "/home/silpc065/SANJU/Food_Flash/food_flash_env/lib/python3.10/site-packages/django/template/base.py", line 1008, in render
    return SafeString("".join([node.render_annotated(context) for node in self]))
  File "/home/silpc065/SANJU/Food_Flash/food_flash_env/lib/python3.10/site-packages/django/template/base.py", line 1008, in <listcomp>
    return SafeString("".join([node.render_annotated(context) for node in self]))
  File "/home/silpc065/SANJU/Food_Flash/food_flash_env/lib/python3.10/site-packages/django/template/base.py", line 969, in render_annotated
    return self.render(context)
  File "/home/silpc065/SANJU/Food_Flash/food_flash_env/lib/python3.10/site-packages/django/template/loader_tags.py", line 65, in render
    result = block.nodelist.render(context)
  File "/home/silpc065/SANJU/Food_Flash/food_flash_env/lib/python3.10/site-packages/django/template/base.py", line 1008, in render
    return SafeString("".join([node.render_annotated(context) for node in self]))
  File "/home/silpc065/SANJU/Food_Flash/food_flash_env/lib/python3.10/site-packages/django/template/base.py", line 1008, in <listcomp>
    return SafeString("".join([node.render_annotated(context) for node in self]))
  File "/home/silpc065/SANJU/Food_Flash/food_flash_env/lib/python3.10/site-packages/django/template/base.py", line 969, in render_annotated
    return self.render(context)
  File "/home/silpc065/SANJU/Food_Flash/food_flash_env/lib/python3.10/site-packages/django/template/defaulttags.py", line 243, in render
    nodelist.append(node.render_annotated(context))
  File "/home/silpc065/SANJU/Food_Flash/food_flash_env/lib/python3.10/site-packages/django/template/base.py", line 969, in render_annotated
    return self.render(context)
  File "/home/silpc065/SANJU/Food_Flash/food_flash_env/lib/python3.10/site-packages/django/template/loader_tags.py", line 199, in render
    template = context.template.engine.select_template(template_name)
  File "/home/silpc065/SANJU/Food_Flash/food_flash_env/lib/python3.10/site-packages/django/template/engine.py", line 208, in select_template
    return self.get_template(template_name)
  File "/home/silpc065/SANJU/Food_Flash/food_flash_env/lib/python3.10/site-packages/django/template/engine.py", line 177, in get_template
    template, origin = self.find_template(template_name)
  File "/home/silpc065/SANJU/Food_Flash/food_flash_env/lib/python3.10/site-packages/django/template/engine.py", line 159, in find_template
    template = loader.get_template(name, skip=skip)
  File "/home/silpc065/SANJU/Food_Flash/food_flash_env/lib/python3.10/site-packages/django/template/loaders/cached.py", line 57, in get_template
    template = super().get_template(template_name, skip)
  File "/home/silpc065/SANJU/Food_Flash/food_flash_env/lib/python3.10/site-packages/django/template/loaders/base.py", line 28, in get_template
    return Template(
  File "/home/silpc065/SANJU/Food_Flash/food_flash_env/lib/python3.10/site-packages/django/template/base.py", line 154, in __init__
    self.nodelist = self.compile_nodelist()
  File "/home/silpc065/SANJU/Food_Flash/food_flash_env/lib/python3.10/site-packages/django/template/base.py", line 196, in compile_nodelist
    nodelist = parser.parse()
  File "/home/silpc065/SANJU/Food_Flash/food_flash_env/lib/python3.10/site-packages/django/template/base.py", line 518, in parse
    raise self.error(token, e)
  File "/home/silpc065/SANJU/Food_Flash/food_flash_env/lib/python3.10/site-packages/django/template/base.py", line 516, in parse
    compiled_result = compile_func(self, token)
  File "/home/silpc065/SANJU/Food_Flash/food_flash_env/lib/python3.10/site-packages/django/template/defaulttags.py", line 862, in do_for
    nodelist_loop = parser.parse(
  File "/home/silpc065/SANJU/Food_Flash/food_flash_env/lib/python3.10/site-packages/django/template/base.py", line 518, in parse
    raise self.error(token, e)
  File "/home/silpc065/SANJU/Food_Flash/food_flash_env/lib/python3.10/site-packages/django/template/base.py", line 516, in parse
    compiled_result = compile_func(self, token)
  File "/home/silpc065/SANJU/Food_Flash/food_flash_env/lib/python3.10/site-packages/django/template/defaulttags.py", line 961, in do_if
    condition = TemplateIfParser(parser, bits).parse()
  File "/home/silpc065/SANJU/Food_Flash/food_flash_env/lib/python3.10/site-packages/django/template/defaulttags.py", line 894, in __init__
    super().__init__(*args, **kwargs)
  File "/home/silpc065/SANJU/Food_Flash/food_flash_env/lib/python3.10/site-packages/django/template/smartif.py", line 171, in __init__
    mapped_tokens.append(self.translate_token(token))
  File "/home/silpc065/SANJU/Food_Flash/food_flash_env/lib/python3.10/site-packages/django/template/smartif.py", line 182, in translate_token
    return self.create_var(token)
  File "/home/silpc065/SANJU/Food_Flash/food_flash_env/lib/python3.10/site-packages/django/template/defaulttags.py", line 897, in create_var
    return TemplateLiteral(self.template_parser.compile_filter(value), value)
  File "/home/silpc065/SANJU/Food_Flash/food_flash_env/lib/python3.10/site-packages/django/template/base.py", line 605, in compile_filter
    return FilterExpression(token, self)
  File "/home/silpc065/SANJU/Food_Flash/food_flash_env/lib/python3.10/site-packages/django/template/base.py", line 701, in __init__
    filter_func = parser.find_filter(filter_name)
  File "/home/silpc065/SANJU/Food_Flash/food_flash_env/lib/python3.10/site-packages/django/template/base.py", line 611, in find_filter
    raise TemplateSyntaxError("Invalid filter: '%s'" % filter_name)
django.template.exceptions.TemplateSyntaxError: Invalid filter: 'length_is'
"GET /admin/vendors/device/add/ HTTP/1.1" 500 802952
Internal Server Error: /admin/vendors/device/add/
Traceback (most recent call last):
  File "/home/silpc065/SANJU/Food_Flash/food_flash_env/lib/python3.10/site-packages/django/template/smartif.py", line 180, in translate_token
    op = OPERATORS[token]
KeyError: "line.fields|length:'1'"

During handling of the above exception, another exception occurred:

Traceback (most recent call last):
  File "/home/silpc065/SANJU/Food_Flash/food_flash_env/lib/python3.10/site-packages/django/core/handlers/exception.py", line 55, in inner
    response = get_response(request)
  File "/home/silpc065/SANJU/Food_Flash/food_flash_env/lib/python3.10/site-packages/django/core/handlers/base.py", line 220, in _get_response
    response = response.render()
  File "/home/silpc065/SANJU/Food_Flash/food_flash_env/lib/python3.10/site-packages/django/template/response.py", line 114, in render
    self.content = self.rendered_content
  File "/home/silpc065/SANJU/Food_Flash/food_flash_env/lib/python3.10/site-packages/django/template/response.py", line 92, in rendered_content
    return template.render(context, self._request)
  File "/home/silpc065/SANJU/Food_Flash/food_flash_env/lib/python3.10/site-packages/django/template/backends/django.py", line 107, in render
    return self.template.render(context)
  File "/home/silpc065/SANJU/Food_Flash/food_flash_env/lib/python3.10/site-packages/django/template/base.py", line 171, in render
    return self._render(context)
  File "/home/silpc065/SANJU/Food_Flash/food_flash_env/lib/python3.10/site-packages/django/template/base.py", line 163, in _render
    return self.nodelist.render(context)
  File "/home/silpc065/SANJU/Food_Flash/food_flash_env/lib/python3.10/site-packages/django/template/base.py", line 1008, in render
    return SafeString("".join([node.render_annotated(context) for node in self]))
  File "/home/silpc065/SANJU/Food_Flash/food_flash_env/lib/python3.10/site-packages/django/template/base.py", line 1008, in <listcomp>
    return SafeString("".join([node.render_annotated(context) for node in self]))
  File "/home/silpc065/SANJU/Food_Flash/food_flash_env/lib/python3.10/site-packages/django/template/base.py", line 969, in render_annotated
    return self.render(context)
  File "/home/silpc065/SANJU/Food_Flash/food_flash_env/lib/python3.10/site-packages/django/template/loader_tags.py", line 159, in render
    return compiled_parent._render(context)
  File "/home/silpc065/SANJU/Food_Flash/food_flash_env/lib/python3.10/site-packages/django/template/base.py", line 163, in _render
    return self.nodelist.render(context)
  File "/home/silpc065/SANJU/Food_Flash/food_flash_env/lib/python3.10/site-packages/django/template/base.py", line 1008, in render
    return SafeString("".join([node.render_annotated(context) for node in self]))
  File "/home/silpc065/SANJU/Food_Flash/food_flash_env/lib/python3.10/site-packages/django/template/base.py", line 1008, in <listcomp>
    return SafeString("".join([node.render_annotated(context) for node in self]))
  File "/home/silpc065/SANJU/Food_Flash/food_flash_env/lib/python3.10/site-packages/django/template/base.py", line 969, in render_annotated
    return self.render(context)
  File "/home/silpc065/SANJU/Food_Flash/food_flash_env/lib/python3.10/site-packages/django/template/loader_tags.py", line 159, in render
    return compiled_parent._render(context)
  File "/home/silpc065/SANJU/Food_Flash/food_flash_env/lib/python3.10/site-packages/django/template/base.py", line 163, in _render
    return self.nodelist.render(context)
  File "/home/silpc065/SANJU/Food_Flash/food_flash_env/lib/python3.10/site-packages/django/template/base.py", line 1008, in render
    return SafeString("".join([node.render_annotated(context) for node in self]))
  File "/home/silpc065/SANJU/Food_Flash/food_flash_env/lib/python3.10/site-packages/django/template/base.py", line 1008, in <listcomp>
    return SafeString("".join([node.render_annotated(context) for node in self]))
  File "/home/silpc065/SANJU/Food_Flash/food_flash_env/lib/python3.10/site-packages/django/template/base.py", line 969, in render_annotated
    return self.render(context)
  File "/home/silpc065/SANJU/Food_Flash/food_flash_env/lib/python3.10/site-packages/django/template/loader_tags.py", line 159, in render
    return compiled_parent._render(context)
  File "/home/silpc065/SANJU/Food_Flash/food_flash_env/lib/python3.10/site-packages/django/template/base.py", line 163, in _render
    return self.nodelist.render(context)
  File "/home/silpc065/SANJU/Food_Flash/food_flash_env/lib/python3.10/site-packages/django/template/base.py", line 1008, in render
    return SafeString("".join([node.render_annotated(context) for node in self]))
  File "/home/silpc065/SANJU/Food_Flash/food_flash_env/lib/python3.10/site-packages/django/template/base.py", line 1008, in <listcomp>
    return SafeString("".join([node.render_annotated(context) for node in self]))
  File "/home/silpc065/SANJU/Food_Flash/food_flash_env/lib/python3.10/site-packages/django/template/base.py", line 969, in render_annotated
    return self.render(context)
  File "/home/silpc065/SANJU/Food_Flash/food_flash_env/lib/python3.10/site-packages/django/template/loader_tags.py", line 65, in render
    result = block.nodelist.render(context)
  File "/home/silpc065/SANJU/Food_Flash/food_flash_env/lib/python3.10/site-packages/django/template/base.py", line 1008, in render
    return SafeString("".join([node.render_annotated(context) for node in self]))
  File "/home/silpc065/SANJU/Food_Flash/food_flash_env/lib/python3.10/site-packages/django/template/base.py", line 1008, in <listcomp>
    return SafeString("".join([node.render_annotated(context) for node in self]))
  File "/home/silpc065/SANJU/Food_Flash/food_flash_env/lib/python3.10/site-packages/django/template/base.py", line 969, in render_annotated
    return self.render(context)
  File "/home/silpc065/SANJU/Food_Flash/food_flash_env/lib/python3.10/site-packages/django/template/loader_tags.py", line 65, in render
    result = block.nodelist.render(context)
  File "/home/silpc065/SANJU/Food_Flash/food_flash_env/lib/python3.10/site-packages/django/template/base.py", line 1008, in render
    return SafeString("".join([node.render_annotated(context) for node in self]))
  File "/home/silpc065/SANJU/Food_Flash/food_flash_env/lib/python3.10/site-packages/django/template/base.py", line 1008, in <listcomp>
    return SafeString("".join([node.render_annotated(context) for node in self]))
  File "/home/silpc065/SANJU/Food_Flash/food_flash_env/lib/python3.10/site-packages/django/template/base.py", line 969, in render_annotated
    return self.render(context)
  File "/home/silpc065/SANJU/Food_Flash/food_flash_env/lib/python3.10/site-packages/django/template/loader_tags.py", line 65, in render
    result = block.nodelist.render(context)
  File "/home/silpc065/SANJU/Food_Flash/food_flash_env/lib/python3.10/site-packages/django/template/base.py", line 1008, in render
    return SafeString("".join([node.render_annotated(context) for node in self]))
  File "/home/silpc065/SANJU/Food_Flash/food_flash_env/lib/python3.10/site-packages/django/template/base.py", line 1008, in <listcomp>
    return SafeString("".join([node.render_annotated(context) for node in self]))
  File "/home/silpc065/SANJU/Food_Flash/food_flash_env/lib/python3.10/site-packages/django/template/base.py", line 969, in render_annotated
    return self.render(context)
  File "/home/silpc065/SANJU/Food_Flash/food_flash_env/lib/python3.10/site-packages/django/template/loader_tags.py", line 65, in render
    result = block.nodelist.render(context)
  File "/home/silpc065/SANJU/Food_Flash/food_flash_env/lib/python3.10/site-packages/django/template/base.py", line 1008, in render
    return SafeString("".join([node.render_annotated(context) for node in self]))
  File "/home/silpc065/SANJU/Food_Flash/food_flash_env/lib/python3.10/site-packages/django/template/base.py", line 1008, in <listcomp>
    return SafeString("".join([node.render_annotated(context) for node in self]))
  File "/home/silpc065/SANJU/Food_Flash/food_flash_env/lib/python3.10/site-packages/django/template/base.py", line 969, in render_annotated
    return self.render(context)
  File "/home/silpc065/SANJU/Food_Flash/food_flash_env/lib/python3.10/site-packages/django/template/loader_tags.py", line 65, in render
    result = block.nodelist.render(context)
  File "/home/silpc065/SANJU/Food_Flash/food_flash_env/lib/python3.10/site-packages/django/template/base.py", line 1008, in render
    return SafeString("".join([node.render_annotated(context) for node in self]))
  File "/home/silpc065/SANJU/Food_Flash/food_flash_env/lib/python3.10/site-packages/django/template/base.py", line 1008, in <listcomp>
    return SafeString("".join([node.render_annotated(context) for node in self]))
  File "/home/silpc065/SANJU/Food_Flash/food_flash_env/lib/python3.10/site-packages/django/template/base.py", line 969, in render_annotated
    return self.render(context)
  File "/home/silpc065/SANJU/Food_Flash/food_flash_env/lib/python3.10/site-packages/django/template/loader_tags.py", line 65, in render
    result = block.nodelist.render(context)
  File "/home/silpc065/SANJU/Food_Flash/food_flash_env/lib/python3.10/site-packages/django/template/base.py", line 1008, in render
    return SafeString("".join([node.render_annotated(context) for node in self]))
  File "/home/silpc065/SANJU/Food_Flash/food_flash_env/lib/python3.10/site-packages/django/template/base.py", line 1008, in <listcomp>
    return SafeString("".join([node.render_annotated(context) for node in self]))
  File "/home/silpc065/SANJU/Food_Flash/food_flash_env/lib/python3.10/site-packages/django/template/base.py", line 969, in render_annotated
    return self.render(context)
  File "/home/silpc065/SANJU/Food_Flash/food_flash_env/lib/python3.10/site-packages/django/template/defaulttags.py", line 243, in render
    nodelist.append(node.render_annotated(context))
  File "/home/silpc065/SANJU/Food_Flash/food_flash_env/lib/python3.10/site-packages/django/template/base.py", line 969, in render_annotated
    return self.render(context)
  File "/home/silpc065/SANJU/Food_Flash/food_flash_env/lib/python3.10/site-packages/django/template/loader_tags.py", line 199, in render
    template = context.template.engine.select_template(template_name)
  File "/home/silpc065/SANJU/Food_Flash/food_flash_env/lib/python3.10/site-packages/django/template/engine.py", line 208, in select_template
    return self.get_template(template_name)
  File "/home/silpc065/SANJU/Food_Flash/food_flash_env/lib/python3.10/site-packages/django/template/engine.py", line 177, in get_template
    template, origin = self.find_template(template_name)
  File "/home/silpc065/SANJU/Food_Flash/food_flash_env/lib/python3.10/site-packages/django/template/engine.py", line 159, in find_template
    template = loader.get_template(name, skip=skip)
  File "/home/silpc065/SANJU/Food_Flash/food_flash_env/lib/python3.10/site-packages/django/template/loaders/cached.py", line 57, in get_template
    template = super().get_template(template_name, skip)
  File "/home/silpc065/SANJU/Food_Flash/food_flash_env/lib/python3.10/site-packages/django/template/loaders/base.py", line 28, in get_template
    return Template(
  File "/home/silpc065/SANJU/Food_Flash/food_flash_env/lib/python3.10/site-packages/django/template/base.py", line 154, in __init__
    self.nodelist = self.compile_nodelist()
  File "/home/silpc065/SANJU/Food_Flash/food_flash_env/lib/python3.10/site-packages/django/template/base.py", line 196, in compile_nodelist
    nodelist = parser.parse()
  File "/home/silpc065/SANJU/Food_Flash/food_flash_env/lib/python3.10/site-packages/django/template/base.py", line 518, in parse
    raise self.error(token, e)
  File "/home/silpc065/SANJU/Food_Flash/food_flash_env/lib/python3.10/site-packages/django/template/base.py", line 516, in parse
    compiled_result = compile_func(self, token)
  File "/home/silpc065/SANJU/Food_Flash/food_flash_env/lib/python3.10/site-packages/django/template/defaulttags.py", line 862, in do_for
    nodelist_loop = parser.parse(
  File "/home/silpc065/SANJU/Food_Flash/food_flash_env/lib/python3.10/site-packages/django/template/base.py", line 518, in parse
    raise self.error(token, e)
  File "/home/silpc065/SANJU/Food_Flash/food_flash_env/lib/python3.10/site-packages/django/template/base.py", line 516, in parse
    compiled_result = compile_func(self, token)
  File "/home/silpc065/SANJU/Food_Flash/food_flash_env/lib/python3.10/site-packages/django/template/defaulttags.py", line 961, in do_if
    condition = TemplateIfParser(parser, bits).parse()
  File "/home/silpc065/SANJU/Food_Flash/food_flash_env/lib/python3.10/site-packages/django/template/defaulttags.py", line 894, in __init__
    super().__init__(*args, **kwargs)
  File "/home/silpc065/SANJU/Food_Flash/food_flash_env/lib/python3.10/site-packages/django/template/smartif.py", line 171, in __init__
    mapped_tokens.append(self.translate_token(token))
  File "/home/silpc065/SANJU/Food_Flash/food_flash_env/lib/python3.10/site-packages/django/template/smartif.py", line 182, in translate_token
    return self.create_var(token)
  File "/home/silpc065/SANJU/Food_Flash/food_flash_env/lib/python3.10/site-packages/django/template/defaulttags.py", line 897, in create_var
    return TemplateLiteral(self.template_parser.compile_filter(value), value)
  File "/home/silpc065/SANJU/Food_Flash/food_flash_env/lib/python3.10/site-packages/django/template/base.py", line 605, in compile_filter
    return FilterExpression(token, self)
  File "/home/silpc065/SANJU/Food_Flash/food_flash_env/lib/python3.10/site-packages/django/template/base.py", line 702, in __init__
    self.args_check(filter_name, filter_func, args)
  File "/home/silpc065/SANJU/Food_Flash/food_flash_env/lib/python3.10/site-packages/django/template/base.py", line 764, in args_check
    raise TemplateSyntaxError(
django.template.exceptions.TemplateSyntaxError: length requires 1 arguments, 2 provided
"GET /admin/vendors/device/add/ HTTP/1.1" 500 801520
Internal Server Error: /vendors/api/update-order/
Internal Server Error: /vendors/api/update-order/
Internal Server Error: /vendors/api/update-order/
Internal Server Error: /vendors/api/update-order/
Internal Server Error: /vendors/api/update-order/
Internal Server Error: /vendors/api/update-order/
Internal Server Error: /vendors/api/update-order/
Internal Server Error: /vendors/api/update-order/
Internal Server Error: /vendors/api/update-order/
Internal Server Error: /vendors/api/update-order/
Internal Server Error: /vendors/api/update-order/
Internal Server Error: /vendors/api/update-order/
Internal Server Error: /vendors/api/update-order/
Internal Server Error: /vendors/api/update-order/
Internal Server Error: /vendors/api/update-order/
Internal Server Error: /vendors/api/update-order/
Internal Server Error: /vendors/api/update-order/
Internal Server Error: /vendors/api/update-order/
Internal Server Error: /vendors/api/update-order/
Internal Server Error: /vendors/api/update-order/
Internal Server Error: /vendors/api/update-order/
Internal Server Error: /vendors/api/update-order/
Internal Server Error: /vendors/api/update-order/
Internal Server Error: /vendors/api/update-order/
Internal Server Error: /outlets/
Traceback (most recent call last):
  File "/home/silpc065/SANJU/Food_Flash/food_flash_env/lib/python3.10/site-packages/django/template/backends/django.py", line 107, in render
    return self.template.render(context)
  File "/home/silpc065/SANJU/Food_Flash/food_flash_env/lib/python3.10/site-packages/django/template/base.py", line 171, in render
    return self._render(context)
  File "/home/silpc065/SANJU/Food_Flash/food_flash_env/lib/python3.10/site-packages/django/template/base.py", line 163, in _render
    return self.nodelist.render(context)
  File "/home/silpc065/SANJU/Food_Flash/food_flash_env/lib/python3.10/site-packages/django/template/base.py", line 1008, in render
    return SafeString("".join([node.render_annotated(context) for node in self]))
  File "/home/silpc065/SANJU/Food_Flash/food_flash_env/lib/python3.10/site-packages/django/template/base.py", line 1008, in <listcomp>
    return SafeString("".join([node.render_annotated(context) for node in self]))
  File "/home/silpc065/SANJU/Food_Flash/food_flash_env/lib/python3.10/site-packages/django/template/base.py", line 969, in render_annotated
    return self.render(context)
  File "/home/silpc065/SANJU/Food_Flash/food_flash_env/lib/python3.10/site-packages/django/template/loader_tags.py", line 134, in render
    compiled_parent = self.get_parent(context)
  File "/home/silpc065/SANJU/Food_Flash/food_flash_env/lib/python3.10/site-packages/django/template/loader_tags.py", line 131, in get_parent
    return self.find_template(parent, context)
  File "/home/silpc065/SANJU/Food_Flash/food_flash_env/lib/python3.10/site-packages/django/template/loader_tags.py", line 109, in find_template
    template, origin = context.template.engine.find_template(
  File "/home/silpc065/SANJU/Food_Flash/food_flash_env/lib/python3.10/site-packages/django/template/engine.py", line 163, in find_template
    raise TemplateDoesNotExist(name, tried=tried)
django.template.exceptions.TemplateDoesNotExist: base.html

The above exception was the direct cause of the following exception:

Traceback (most recent call last):
  File "/home/silpc065/SANJU/Food_Flash/food_flash_env/lib/python3.10/site-packages/django/core/handlers/exception.py", line 55, in inner
    response = get_response(request)
  File "/home/silpc065/SANJU/Food_Flash/food_flash_env/lib/python3.10/site-packages/django/core/handlers/base.py", line 197, in _get_response
    response = wrapped_callback(request, *callback_args, **callback_kwargs)
  File "/home/silpc065/SANJU/Food_Flash/Food-Flash/orders/views.py", line 11, in outlet_selection
    return render(request, "orders/outlet_selection.html")
  File "/home/silpc065/SANJU/Food_Flash/food_flash_env/lib/python3.10/site-packages/django/shortcuts.py", line 25, in render
    content = loader.render_to_string(template_name, context, request, using=using)
  File "/home/silpc065/SANJU/Food_Flash/food_flash_env/lib/python3.10/site-packages/django/template/loader.py", line 62, in render_to_string
    return template.render(context, request)
  File "/home/silpc065/SANJU/Food_Flash/food_flash_env/lib/python3.10/site-packages/django/template/backends/django.py", line 109, in render
    reraise(exc, self.backend)
  File "/home/silpc065/SANJU/Food_Flash/food_flash_env/lib/python3.10/site-packages/django/template/backends/django.py", line 130, in reraise
    raise new from exc
django.template.exceptions.TemplateDoesNotExist: base.html
Internal Server Error: /outlets/
Traceback (most recent call last):
  File "/home/silpc065/SANJU/Food_Flash/food_flash_env/lib/python3.10/site-packages/django/template/backends/django.py", line 107, in render
    return self.template.render(context)
  File "/home/silpc065/SANJU/Food_Flash/food_flash_env/lib/python3.10/site-packages/django/template/base.py", line 171, in render
    return self._render(context)
  File "/home/silpc065/SANJU/Food_Flash/food_flash_env/lib/python3.10/site-packages/django/template/base.py", line 163, in _render
    return self.nodelist.render(context)
  File "/home/silpc065/SANJU/Food_Flash/food_flash_env/lib/python3.10/site-packages/django/template/base.py", line 1008, in render
    return SafeString("".join([node.render_annotated(context) for node in self]))
  File "/home/silpc065/SANJU/Food_Flash/food_flash_env/lib/python3.10/site-packages/django/template/base.py", line 1008, in <listcomp>
    return SafeString("".join([node.render_annotated(context) for node in self]))
  File "/home/silpc065/SANJU/Food_Flash/food_flash_env/lib/python3.10/site-packages/django/template/base.py", line 969, in render_annotated
    return self.render(context)
  File "/home/silpc065/SANJU/Food_Flash/food_flash_env/lib/python3.10/site-packages/django/template/loader_tags.py", line 134, in render
    compiled_parent = self.get_parent(context)
  File "/home/silpc065/SANJU/Food_Flash/food_flash_env/lib/python3.10/site-packages/django/template/loader_tags.py", line 131, in get_parent
    return self.find_template(parent, context)
  File "/home/silpc065/SANJU/Food_Flash/food_flash_env/lib/python3.10/site-packages/django/template/loader_tags.py", line 109, in find_template
    template, origin = context.template.engine.find_template(
  File "/home/silpc065/SANJU/Food_Flash/food_flash_env/lib/python3.10/site-packages/django/template/engine.py", line 163, in find_template
    raise TemplateDoesNotExist(name, tried=tried)
django.template.exceptions.TemplateDoesNotExist: base.html

The above exception was the direct cause of the following exception:

Traceback (most recent call last):
  File "/home/silpc065/SANJU/Food_Flash/food_flash_env/lib/python3.10/site-packages/django/core/handlers/exception.py", line 55, in inner
    response = get_response(request)
  File "/home/silpc065/SANJU/Food_Flash/food_flash_env/lib/python3.10/site-packages/django/core/handlers/base.py", line 197, in _get_response
    response = wrapped_callback(request, *callback_args, **callback_kwargs)
  File "/home/silpc065/SANJU/Food_Flash/Food-Flash/orders/views.py", line 11, in outlet_selection
    return render(request, "orders/outlet_selection.html")
  File "/home/silpc065/SANJU/Food_Flash/food_flash_env/lib/python3.10/site-packages/django/shortcuts.py", line 25, in render
    content = loader.render_to_string(template_name, context, request, using=using)
  File "/home/silpc065/SANJU/Food_Flash/food_flash_env/lib/python3.10/site-packages/django/template/loader.py", line 62, in render_to_string
    return template.render(context, request)
  File "/home/silpc065/SANJU/Food_Flash/food_flash_env/lib/python3.10/site-packages/django/template/backends/django.py", line 109, in render
    reraise(exc, self.backend)
  File "/home/silpc065/SANJU/Food_Flash/food_flash_env/lib/python3.10/site-packages/django/template/backends/django.py", line 130, in reraise
    raise new from exc
django.template.exceptions.TemplateDoesNotExist: base.html
Internal Server Error: /vendors/api/update-order/
Internal Server Error: /vendors/api/update-order/
Internal Server Error: /vendors/api/update-order/
Internal Server Error: /vendors/api/update-order/
Internal Server Error: /vendors/api/update-order/
Internal Server Error: /vendors/api/update-order/
Internal Server Error: /vendors/api/update-order/
Internal Server Error: /vendors/api/update-order/
Internal Server Error: /vendors/api/update-order/
Internal Server Error: /vendors/api/update-order/
Internal Server Error: /vendors/api/update-order/
Internal Server Error: /vendors/api/update-order/
Internal Server Error: /vendors/api/update-order/
Internal Server Error: /vendors/api/update-order/
Internal Server Error: /vendors/api/update-order/
Internal Server Error: /vendors/api/update-order/
Internal Server Error: /vendors/api/update-order/
Internal Server Error: /vendors/api/update-order/
Internal Server Error: /vendors/api/update-order/
Internal Server Error: /vendors/api/update-order/
Internal Server Error: /vendors/api/update-order/
Internal Server Error: /vendors/api/update-order/
Internal Server Error: /vendors/api/update-order/
Internal Server Error: /vendors/api/update-order/
Internal Server Error: /vendors/api/update-order/
Internal Server Error: /vendors/api/update-order/
Internal Server Error: /vendors/api/update-order/
Internal Server Error: /admin/vendors/vendor/upload-files/
Traceback (most recent call last):
  File "/home/silpc065/SANJU/Food_Flash/food_flash_env/lib/python3.10/site-packages/django/core/handlers/exception.py", line 55, in inner
    response = get_response(request)
  File "/home/silpc065/SANJU/Food_Flash/food_flash_env/lib/python3.10/site-packages/django/core/handlers/base.py", line 197, in _get_response
    response = wrapped_callback(request, *callback_args, **callback_kwargs)
  File "/home/silpc065/SANJU/Food_Flash/food_flash_env/lib/python3.10/site-packages/django/utils/decorators.py", line 188, in _view_wrapper
    result = _process_exception(request, e)
  File "/home/silpc065/SANJU/Food_Flash/food_flash_env/lib/python3.10/site-packages/django/utils/decorators.py", line 186, in _view_wrapper
    response = view_func(request, *args, **kwargs)
  File "/home/silpc065/SANJU/Food_Flash/food_flash_env/lib/python3.10/site-packages/django/views/decorators/cache.py", line 80, in _view_wrapper
    response = view_func(request, *args, **kwargs)
  File "/home/silpc065/SANJU/Food_Flash/food_flash_env/lib/python3.10/site-packages/django/contrib/admin/sites.py", line 241, in inner
    return view(request, *args, **kwargs)
  File "/home/silpc065/SANJU/Food_Flash/Food-Flash/vendors/admin.py", line 88, in upload_files_view
    return render(request, 'admin/vendor_upload_files.html', context)
  File "/home/silpc065/SANJU/Food_Flash/food_flash_env/lib/python3.10/site-packages/django/shortcuts.py", line 25, in render
    content = loader.render_to_string(template_name, context, request, using=using)
  File "/home/silpc065/SANJU/Food_Flash/food_flash_env/lib/python3.10/site-packages/django/template/loader.py", line 62, in render_to_string
    return template.render(context, request)
  File "/home/silpc065/SANJU/Food_Flash/food_flash_env/lib/python3.10/site-packages/django/template/backends/django.py", line 107, in render
    return self.template.render(context)
  File "/home/silpc065/SANJU/Food_Flash/food_flash_env/lib/python3.10/site-packages/django/template/base.py", line 171, in render
    return self._render(context)
  File "/home/silpc065/SANJU/Food_Flash/food_flash_env/lib/python3.10/site-packages/django/template/base.py", line 163, in _render
    return self.nodelist.render(context)
  File "/home/silpc065/SANJU/Food_Flash/food_flash_env/lib/python3.10/site-packages/django/template/base.py", line 1008, in render
    return SafeString("".join([node.render_annotated(context) for node in self]))
  File "/home/silpc065/SANJU/Food_Flash/food_flash_env/lib/python3.10/site-packages/django/template/base.py", line 1008, in <listcomp>
    return SafeString("".join([node.render_annotated(context) for node in self]))
  File "/home/silpc065/SANJU/Food_Flash/food_flash_env/lib/python3.10/site-packages/django/template/base.py", line 969, in render_annotated
    return self.render(context)
  File "/home/silpc065/SANJU/Food_Flash/food_flash_env/lib/python3.10/site-packages/django/template/loader_tags.py", line 159, in render
    return compiled_parent._render(context)
  File "/home/silpc065/SANJU/Food_Flash/food_flash_env/lib/python3.10/site-packages/django/template/base.py", line 163, in _render
    return self.nodelist.render(context)
  File "/home/silpc065/SANJU/Food_Flash/food_flash_env/lib/python3.10/site-packages/django/template/base.py", line 1008, in render
    return SafeString("".join([node.render_annotated(context) for node in self]))
  File "/home/silpc065/SANJU/Food_Flash/food_flash_env/lib/python3.10/site-packages/django/template/base.py", line 1008, in <listcomp>
    return SafeString("".join([node.render_annotated(context) for node in self]))
  File "/home/silpc065/SANJU/Food_Flash/food_flash_env/lib/python3.10/site-packages/django/template/base.py", line 969, in render_annotated
    return self.render(context)
  File "/home/silpc065/SANJU/Food_Flash/food_flash_env/lib/python3.10/site-packages/django/template/loader_tags.py", line 159, in render
    return compiled_parent._render(context)
  File "/home/silpc065/SANJU/Food_Flash/food_flash_env/lib/python3.10/site-packages/django/template/base.py", line 163, in _render
    return self.nodelist.render(context)
  File "/home/silpc065/SANJU/Food_Flash/food_flash_env/lib/python3.10/site-packages/django/template/base.py", line 1008, in render
    return SafeString("".join([node.render_annotated(context) for node in self]))
  File "/home/silpc065/SANJU/Food_Flash/food_flash_env/lib/python3.10/site-packages/django/template/base.py", line 1008, in <listcomp>
    return SafeString("".join([node.render_annotated(context) for node in self]))
  File "/home/silpc065/SANJU/Food_Flash/food_flash_env/lib/python3.10/site-packages/django/template/base.py", line 969, in render_annotated
    return self.render(context)
  File "/home/silpc065/SANJU/Food_Flash/food_flash_env/lib/python3.10/site-packages/django/template/loader_tags.py", line 159, in render
    return compiled_parent._render(context)
  File "/home/silpc065/SANJU/Food_Flash/food_flash_env/lib/python3.10/site-packages/django/template/base.py", line 163, in _render
    return self.nodelist.render(context)
  File "/home/silpc065/SANJU/Food_Flash/food_flash_env/lib/python3.10/site-packages/django/template/base.py", line 1008, in render
    return SafeString("".join([node.render_annotated(context) for node in self]))
  File "/home/silpc065/SANJU/Food_Flash/food_flash_env/lib/python3.10/site-packages/django/template/base.py", line 1008, in <listcomp>
    return SafeString("".join([node.render_annotated(context) for node in self]))
  File "/home/silpc065/SANJU/Food_Flash/food_flash_env/lib/python3.10/site-packages/django/template/base.py", line 969, in render_annotated
    return self.render(context)
  File "/home/silpc065/SANJU/Food_Flash/food_flash_env/lib/python3.10/site-packages/django/template/loader_tags.py", line 65, in render
    result = block.nodelist.render(context)
  File "/home/silpc065/SANJU/Food_Flash/food_flash_env/lib/python3.10/site-packages/django/template/base.py", line 1008, in render
    return SafeString("".join([node.render_annotated(context) for node in self]))
  File "/home/silpc065/SANJU/Food_Flash/food_flash_env/lib/python3.10/site-packages/django/template/base.py", line 1008, in <listcomp>
    return SafeString("".join([node.render_annotated(context) for node in self]))
  File "/home/silpc065/SANJU/Food_Flash/food_flash_env/lib/python3.10/site-packages/django/template/base.py", line 969, in render_annotated
    return self.render(context)
  File "/home/silpc065/SANJU/Food_Flash/food_flash_env/lib/python3.10/site-packages/django/template/loader_tags.py", line 65, in render
    result = block.nodelist.render(context)
  File "/home/silpc065/SANJU/Food_Flash/food_flash_env/lib/python3.10/site-packages/django/template/base.py", line 1008, in render
    return SafeString("".join([node.render_annotated(context) for node in self]))
  File "/home/silpc065/SANJU/Food_Flash/food_flash_env/lib/python3.10/site-packages/django/template/base.py", line 1008, in <listcomp>
    return SafeString("".join([node.render_annotated(context) for node in self]))
  File "/home/silpc065/SANJU/Food_Flash/food_flash_env/lib/python3.10/site-packages/django/template/base.py", line 969, in render_annotated
    return self.render(context)
  File "/home/silpc065/SANJU/Food_Flash/food_flash_env/lib/python3.10/site-packages/django/template/loader_tags.py", line 210, in render
    return template.render(context)
  File "/home/silpc065/SANJU/Food_Flash/food_flash_env/lib/python3.10/site-packages/django/template/base.py", line 173, in render
    return self._render(context)
  File "/home/silpc065/SANJU/Food_Flash/food_flash_env/lib/python3.10/site-packages/django/template/base.py", line 163, in _render
    return self.nodelist.render(context)
  File "/home/silpc065/SANJU/Food_Flash/food_flash_env/lib/python3.10/site-packages/django/template/base.py", line 1008, in render
    return SafeString("".join([node.render_annotated(context) for node in self]))
  File "/home/silpc065/SANJU/Food_Flash/food_flash_env/lib/python3.10/site-packages/django/template/base.py", line 1008, in <listcomp>
    return SafeString("".join([node.render_annotated(context) for node in self]))
  File "/home/silpc065/SANJU/Food_Flash/food_flash_env/lib/python3.10/site-packages/django/template/base.py", line 969, in render_annotated
    return self.render(context)
  File "/home/silpc065/SANJU/Food_Flash/food_flash_env/lib/python3.10/site-packages/django/template/loader_tags.py", line 159, in render
    return compiled_parent._render(context)
  File "/home/silpc065/SANJU/Food_Flash/food_flash_env/lib/python3.10/site-packages/django/template/base.py", line 163, in _render
    return self.nodelist.render(context)
  File "/home/silpc065/SANJU/Food_Flash/food_flash_env/lib/python3.10/site-packages/django/template/base.py", line 1008, in render
    return SafeString("".join([node.render_annotated(context) for node in self]))
  File "/home/silpc065/SANJU/Food_Flash/food_flash_env/lib/python3.10/site-packages/django/template/base.py", line 1008, in <listcomp>
    return SafeString("".join([node.render_annotated(context) for node in self]))
  File "/home/silpc065/SANJU/Food_Flash/food_flash_env/lib/python3.10/site-packages/django/template/base.py", line 969, in render_annotated
    return self.render(context)
  File "/home/silpc065/SANJU/Food_Flash/food_flash_env/lib/python3.10/site-packages/django/template/loader_tags.py", line 65, in render
    result = block.nodelist.render(context)
  File "/home/silpc065/SANJU/Food_Flash/food_flash_env/lib/python3.10/site-packages/django/template/base.py", line 1008, in render
    return SafeString("".join([node.render_annotated(context) for node in self]))
  File "/home/silpc065/SANJU/Food_Flash/food_flash_env/lib/python3.10/site-packages/django/template/base.py", line 1008, in <listcomp>
    return SafeString("".join([node.render_annotated(context) for node in self]))
  File "/home/silpc065/SANJU/Food_Flash/food_flash_env/lib/python3.10/site-packages/django/template/base.py", line 969, in render_annotated
    return self.render(context)
  File "/home/silpc065/SANJU/Food_Flash/food_flash_env/lib/python3.10/site-packages/django/template/loader_tags.py", line 65, in render
    result = block.nodelist.render(context)
  File "/home/silpc065/SANJU/Food_Flash/food_flash_env/lib/python3.10/site-packages/django/template/base.py", line 1008, in render
    return SafeString("".join([node.render_annotated(context) for node in self]))
  File "/home/silpc065/SANJU/Food_Flash/food_flash_env/lib/python3.10/site-packages/django/template/base.py", line 1008, in <listcomp>
    return SafeString("".join([node.render_annotated(context) for node in self]))
  File "/home/silpc065/SANJU/Food_Flash/food_flash_env/lib/python3.10/site-packages/django/template/base.py", line 969, in render_annotated
    return self.render(context)
  File "/home/silpc065/SANJU/Food_Flash/food_flash_env/lib/python3.10/site-packages/django/template/loader_tags.py", line 65, in render
    result = block.nodelist.render(context)
  File "/home/silpc065/SANJU/Food_Flash/food_flash_env/lib/python3.10/site-packages/django/template/base.py", line 1008, in render
    return SafeString("".join([node.render_annotated(context) for node in self]))
  File "/home/silpc065/SANJU/Food_Flash/food_flash_env/lib/python3.10/site-packages/django/template/base.py", line 1008, in <listcomp>
    return SafeString("".join([node.render_annotated(context) for node in self]))
  File "/home/silpc065/SANJU/Food_Flash/food_flash_env/lib/python3.10/site-packages/django/template/base.py", line 969, in render_annotated
    return self.render(context)
  File "/home/silpc065/SANJU/Food_Flash/food_flash_env/lib/python3.10/site-packages/django/template/defaulttags.py", line 55, in render
    output = self.nodelist.render(context)
  File "/home/silpc065/SANJU/Food_Flash/food_flash_env/lib/python3.10/site-packages/django/template/base.py", line 1008, in render
    return SafeString("".join([node.render_annotated(context) for node in self]))
  File "/home/silpc065/SANJU/Food_Flash/food_flash_env/lib/python3.10/site-packages/django/template/base.py", line 1008, in <listcomp>
    return SafeString("".join([node.render_annotated(context) for node in self]))
  File "/home/silpc065/SANJU/Food_Flash/food_flash_env/lib/python3.10/site-packages/django/template/base.py", line 969, in render_annotated
    return self.render(context)
  File "/home/silpc065/SANJU/Food_Flash/food_flash_env/lib/python3.10/site-packages/django/template/library.py", line 237, in render
    output = self.func(*resolved_args, **resolved_kwargs)
  File "/home/silpc065/SANJU/Food_Flash/food_flash_env/lib/python3.10/site-packages/adminlte3_theme/templatetags/admin_menu.py", line 161, in menu_tag
    return Menu.admin_apps(context, Menu.render(context))
  File "/home/silpc065/SANJU/Food_Flash/food_flash_env/lib/python3.10/site-packages/adminlte3_theme/templatetags/admin_menu.py", line 103, in admin_apps
    for app in context['available_apps']:
  File "/home/silpc065/SANJU/Food_Flash/food_flash_env/lib/python3.10/site-packages/django/template/context.py", line 85, in __getitem__
    raise KeyError(key)
KeyError: 'available_apps'
Internal Server Error: /admin/vendors/vendor/upload-files/
Traceback (most recent call last):
  File "/home/silpc065/SANJU/Food_Flash/food_flash_env/lib/python3.10/site-packages/django/core/handlers/exception.py", line 55, in inner
    response = get_response(request)
  File "/home/silpc065/SANJU/Food_Flash/food_flash_env/lib/python3.10/site-packages/django/core/handlers/base.py", line 197, in _get_response
    response = wrapped_callback(request, *callback_args, **callback_kwargs)
  File "/home/silpc065/SANJU/Food_Flash/food_flash_env/lib/python3.10/site-packages/django/utils/decorators.py", line 188, in _view_wrapper
    result = _process_exception(request, e)
  File "/home/silpc065/SANJU/Food_Flash/food_flash_env/lib/python3.10/site-packages/django/utils/decorators.py", line 186, in _view_wrapper
    response = view_func(request, *args, **kwargs)
  File "/home/silpc065/SANJU/Food_Flash/food_flash_env/lib/python3.10/site-packages/django/views/decorators/cache.py", line 80, in _view_wrapper
    response = view_func(request, *args, **kwargs)
  File "/home/silpc065/SANJU/Food_Flash/food_flash_env/lib/python3.10/site-packages/django/contrib/admin/sites.py", line 241, in inner
    return view(request, *args, **kwargs)
  File "/home/silpc065/SANJU/Food_Flash/Food-Flash/vendors/admin.py", line 88, in upload_files_view
    return render(request, 'admin/vendor_upload_files.html', context)
  File "/home/silpc065/SANJU/Food_Flash/food_flash_env/lib/python3.10/site-packages/django/shortcuts.py", line 25, in render
    content = loader.render_to_string(template_name, context, request, using=using)
  File "/home/silpc065/SANJU/Food_Flash/food_flash_env/lib/python3.10/site-packages/django/template/loader.py", line 62, in render_to_string
    return template.render(context, request)
  File "/home/silpc065/SANJU/Food_Flash/food_flash_env/lib/python3.10/site-packages/django/template/backends/django.py", line 107, in render
    return self.template.render(context)
  File "/home/silpc065/SANJU/Food_Flash/food_flash_env/lib/python3.10/site-packages/django/template/base.py", line 171, in render
    return self._render(context)
  File "/home/silpc065/SANJU/Food_Flash/food_flash_env/lib/python3.10/site-packages/django/template/base.py", line 163, in _render
    return self.nodelist.render(context)
  File "/home/silpc065/SANJU/Food_Flash/food_flash_env/lib/python3.10/site-packages/django/template/base.py", line 1008, in render
    return SafeString("".join([node.render_annotated(context) for node in self]))
  File "/home/silpc065/SANJU/Food_Flash/food_flash_env/lib/python3.10/site-packages/django/template/base.py", line 1008, in <listcomp>
    return SafeString("".join([node.render_annotated(context) for node in self]))
  File "/home/silpc065/SANJU/Food_Flash/food_flash_env/lib/python3.10/site-packages/django/template/base.py", line 969, in render_annotated
    return self.render(context)
  File "/home/silpc065/SANJU/Food_Flash/food_flash_env/lib/python3.10/site-packages/django/template/loader_tags.py", line 159, in render
    return compiled_parent._render(context)
  File "/home/silpc065/SANJU/Food_Flash/food_flash_env/lib/python3.10/site-packages/django/template/base.py", line 163, in _render
    return self.nodelist.render(context)
  File "/home/silpc065/SANJU/Food_Flash/food_flash_env/lib/python3.10/site-packages/django/template/base.py", line 1008, in render
    return SafeString("".join([node.render_annotated(context) for node in self]))
  File "/home/silpc065/SANJU/Food_Flash/food_flash_env/lib/python3.10/site-packages/django/template/base.py", line 1008, in <listcomp>
    return SafeString("".join([node.render_annotated(context) for node in self]))
  File "/home/silpc065/SANJU/Food_Flash/food_flash_env/lib/python3.10/site-packages/django/template/base.py", line 969, in render_annotated
    return self.render(context)
  File "/home/silpc065/SANJU/Food_Flash/food_flash_env/lib/python3.10/site-packages/django/template/loader_tags.py", line 159, in render
    return compiled_parent._render(context)
  File "/home/silpc065/SANJU/Food_Flash/food_flash_env/lib/python3.10/site-packages/django/template/base.py", line 163, in _render
    return self.nodelist.render(context)
  File "/home/silpc065/SANJU/Food_Flash/food_flash_env/lib/python3.10/site-packages/django/template/base.py", line 1008, in render
    return SafeString("".join([node.render_annotated(context) for node in self]))
  File "/home/silpc065/SANJU/Food_Flash/food_flash_env/lib/python3.10/site-packages/django/template/base.py", line 1008, in <listcomp>
    return SafeString("".join([node.render_annotated(context) for node in self]))
  File "/home/silpc065/SANJU/Food_Flash/food_flash_env/lib/python3.10/site-packages/django/template/base.py", line 969, in render_annotated
    return self.render(context)
  File "/home/silpc065/SANJU/Food_Flash/food_flash_env/lib/python3.10/site-packages/django/template/loader_tags.py", line 159, in render
    return compiled_parent._render(context)
  File "/home/silpc065/SANJU/Food_Flash/food_flash_env/lib/python3.10/site-packages/django/template/base.py", line 163, in _render
    return self.nodelist.render(context)
  File "/home/silpc065/SANJU/Food_Flash/food_flash_env/lib/python3.10/site-packages/django/template/base.py", line 1008, in render
    return SafeString("".join([node.render_annotated(context) for node in self]))
  File "/home/silpc065/SANJU/Food_Flash/food_flash_env/lib/python3.10/site-packages/django/template/base.py", line 1008, in <listcomp>
    return SafeString("".join([node.render_annotated(context) for node in self]))
  File "/home/silpc065/SANJU/Food_Flash/food_flash_env/lib/python3.10/site-packages/django/template/base.py", line 969, in render_annotated
    return self.render(context)
  File "/home/silpc065/SANJU/Food_Flash/food_flash_env/lib/python3.10/site-packages/django/template/loader_tags.py", line 65, in render
    result = block.nodelist.render(context)
  File "/home/silpc065/SANJU/Food_Flash/food_flash_env/lib/python3.10/site-packages/django/template/base.py", line 1008, in render
    return SafeString("".join([node.render_annotated(context) for node in self]))
  File "/home/silpc065/SANJU/Food_Flash/food_flash_env/lib/python3.10/site-packages/django/template/base.py", line 1008, in <listcomp>
    return SafeString("".join([node.render_annotated(context) for node in self]))
  File "/home/silpc065/SANJU/Food_Flash/food_flash_env/lib/python3.10/site-packages/django/template/base.py", line 969, in render_annotated
    return self.render(context)
  File "/home/silpc065/SANJU/Food_Flash/food_flash_env/lib/python3.10/site-packages/django/template/loader_tags.py", line 65, in render
    result = block.nodelist.render(context)
  File "/home/silpc065/SANJU/Food_Flash/food_flash_env/lib/python3.10/site-packages/django/template/base.py", line 1008, in render
    return SafeString("".join([node.render_annotated(context) for node in self]))
  File "/home/silpc065/SANJU/Food_Flash/food_flash_env/lib/python3.10/site-packages/django/template/base.py", line 1008, in <listcomp>
    return SafeString("".join([node.render_annotated(context) for node in self]))
  File "/home/silpc065/SANJU/Food_Flash/food_flash_env/lib/python3.10/site-packages/django/template/base.py", line 969, in render_annotated
    return self.render(context)
  File "/home/silpc065/SANJU/Food_Flash/food_flash_env/lib/python3.10/site-packages/django/template/loader_tags.py", line 210, in render
    return template.render(context)
  File "/home/silpc065/SANJU/Food_Flash/food_flash_env/lib/python3.10/site-packages/django/template/base.py", line 173, in render
    return self._render(context)
  File "/home/silpc065/SANJU/Food_Flash/food_flash_env/lib/python3.10/site-packages/django/template/base.py", line 163, in _render
    return self.nodelist.render(context)
  File "/home/silpc065/SANJU/Food_Flash/food_flash_env/lib/python3.10/site-packages/django/template/base.py", line 1008, in render
    return SafeString("".join([node.render_annotated(context) for node in self]))
  File "/home/silpc065/SANJU/Food_Flash/food_flash_env/lib/python3.10/site-packages/django/template/base.py", line 1008, in <listcomp>
    return SafeString("".join([node.render_annotated(context) for node in self]))
  File "/home/silpc065/SANJU/Food_Flash/food_flash_env/lib/python3.10/site-packages/django/template/base.py", line 969, in render_annotated
    return self.render(context)
  File "/home/silpc065/SANJU/Food_Flash/food_flash_env/lib/python3.10/site-packages/django/template/loader_tags.py", line 159, in render
    return compiled_parent._render(context)
  File "/home/silpc065/SANJU/Food_Flash/food_flash_env/lib/python3.10/site-packages/django/template/base.py", line 163, in _render
    return self.nodelist.render(context)
  File "/home/silpc065/SANJU/Food_Flash/food_flash_env/lib/python3.10/site-packages/django/template/base.py", line 1008, in render
    return SafeString("".join([node.render_annotated(context) for node in self]))
  File "/home/silpc065/SANJU/Food_Flash/food_flash_env/lib/python3.10/site-packages/django/template/base.py", line 1008, in <listcomp>
    return SafeString("".join([node.render_annotated(context) for node in self]))
  File "/home/silpc065/SANJU/Food_Flash/food_flash_env/lib/python3.10/site-packages/django/template/base.py", line 969, in render_annotated
    return self.render(context)
  File "/home/silpc065/SANJU/Food_Flash/food_flash_env/lib/python3.10/site-packages/django/template/loader_tags.py", line 65, in render
    result = block.nodelist.render(context)
  File "/home/silpc065/SANJU/Food_Flash/food_flash_env/lib/python3.10/site-packages/django/template/base.py", line 1008, in render
    return SafeString("".join([node.render_annotated(context) for node in self]))
  File "/home/silpc065/SANJU/Food_Flash/food_flash_env/lib/python3.10/site-packages/django/template/base.py", line 1008, in <listcomp>
    return SafeString("".join([node.render_annotated(context) for node in self]))
  File "/home/silpc065/SANJU/Food_Flash/food_flash_env/lib/python3.10/site-packages/django/template/base.py", line 969, in render_annotated
    return self.render(context)
  File "/home/silpc065/SANJU/Food_Flash/food_flash_env/lib/python3.10/site-packages/django/template/loader_tags.py", line 65, in render
    result = block.nodelist.render(context)
  File "/home/silpc065/SANJU/Food_Flash/food_flash_env/lib/python3.10/site-packages/django/template/base.py", line 1008, in render
    return SafeString("".join([node.render_annotated(context) for node in self]))
  File "/home/silpc065/SANJU/Food_Flash/food_flash_env/lib/python3.10/site-packages/django/template/base.py", line 1008, in <listcomp>
    return SafeString("".join([node.render_annotated(context) for node in self]))
  File "/home/silpc065/SANJU/Food_Flash/food_flash_env/lib/python3.10/site-packages/django/template/base.py", line 969, in render_annotated
    return self.render(context)
  File "/home/silpc065/SANJU/Food_Flash/food_flash_env/lib/python3.10/site-packages/django/template/loader_tags.py", line 65, in render
    result = block.nodelist.render(context)
  File "/home/silpc065/SANJU/Food_Flash/food_flash_env/lib/python3.10/site-packages/django/template/base.py", line 1008, in render
    return SafeString("".join([node.render_annotated(context) for node in self]))
  File "/home/silpc065/SANJU/Food_Flash/food_flash_env/lib/python3.10/site-packages/django/template/base.py", line 1008, in <listcomp>
    return SafeString("".join([node.render_annotated(context) for node in self]))
  File "/home/silpc065/SANJU/Food_Flash/food_flash_env/lib/python3.10/site-packages/django/template/base.py", line 969, in render_annotated
    return self.render(context)
  File "/home/silpc065/SANJU/Food_Flash/food_flash_env/lib/python3.10/site-packages/django/template/defaulttags.py", line 55, in render
    output = self.nodelist.render(context)
  File "/home/silpc065/SANJU/Food_Flash/food_flash_env/lib/python3.10/site-packages/django/template/base.py", line 1008, in render
    return SafeString("".join([node.render_annotated(context) for node in self]))
  File "/home/silpc065/SANJU/Food_Flash/food_flash_env/lib/python3.10/site-packages/django/template/base.py", line 1008, in <listcomp>
    return SafeString("".join([node.render_annotated(context) for node in self]))
  File "/home/silpc065/SANJU/Food_Flash/food_flash_env/lib/python3.10/site-packages/django/template/base.py", line 969, in render_annotated
    return self.render(context)
  File "/home/silpc065/SANJU/Food_Flash/food_flash_env/lib/python3.10/site-packages/django/template/library.py", line 237, in render
    output = self.func(*resolved_args, **resolved_kwargs)
  File "/home/silpc065/SANJU/Food_Flash/food_flash_env/lib/python3.10/site-packages/adminlte3_theme/templatetags/admin_menu.py", line 161, in menu_tag
    return Menu.admin_apps(context, Menu.render(context))
  File "/home/silpc065/SANJU/Food_Flash/food_flash_env/lib/python3.10/site-packages/adminlte3_theme/templatetags/admin_menu.py", line 103, in admin_apps
    for app in context['available_apps']:
  File "/home/silpc065/SANJU/Food_Flash/food_flash_env/lib/python3.10/site-packages/django/template/context.py", line 85, in __getitem__
    raise KeyError(key)
KeyError: 'available_apps'
Internal Server Error: /admin/vendors/vendor/upload-files/
Traceback (most recent call last):
  File "/home/silpc065/SANJU/Food_Flash/food_flash_env/lib/python3.10/site-packages/django/core/handlers/exception.py", line 55, in inner
    response = get_response(request)
  File "/home/silpc065/SANJU/Food_Flash/food_flash_env/lib/python3.10/site-packages/django/core/handlers/base.py", line 197, in _get_response
    response = wrapped_callback(request, *callback_args, **callback_kwargs)
  File "/home/silpc065/SANJU/Food_Flash/food_flash_env/lib/python3.10/site-packages/django/utils/decorators.py", line 188, in _view_wrapper
    result = _process_exception(request, e)
  File "/home/silpc065/SANJU/Food_Flash/food_flash_env/lib/python3.10/site-packages/django/utils/decorators.py", line 186, in _view_wrapper
    response = view_func(request, *args, **kwargs)
  File "/home/silpc065/SANJU/Food_Flash/food_flash_env/lib/python3.10/site-packages/django/views/decorators/cache.py", line 80, in _view_wrapper
    response = view_func(request, *args, **kwargs)
  File "/home/silpc065/SANJU/Food_Flash/food_flash_env/lib/python3.10/site-packages/django/contrib/admin/sites.py", line 241, in inner
    return view(request, *args, **kwargs)
  File "/home/silpc065/SANJU/Food_Flash/Food-Flash/vendors/admin.py", line 62, in upload_files_view
    vendor = form.cleaned_data['vendor']
AttributeError: 'VendorFileUploadForm' object has no attribute 'cleaned_data'
Internal Server Error: /vendors/api/save-subscription/
Traceback (most recent call last):
  File "/home/silpc065/SANJU/Food_Flash/food_flash_env/lib/python3.10/site-packages/django/core/handlers/exception.py", line 55, in inner
    response = get_response(request)
  File "/home/silpc065/SANJU/Food_Flash/food_flash_env/lib/python3.10/site-packages/django/core/handlers/base.py", line 197, in _get_response
    response = wrapped_callback(request, *callback_args, **callback_kwargs)
  File "/home/silpc065/SANJU/Food_Flash/food_flash_env/lib/python3.10/site-packages/django/views/decorators/csrf.py", line 65, in _view_wrapper
    return view_func(request, *args, **kwargs)
  File "/home/silpc065/SANJU/Food_Flash/food_flash_env/lib/python3.10/site-packages/django/views/generic/base.py", line 104, in view
    return self.dispatch(request, *args, **kwargs)
  File "/home/silpc065/SANJU/Food_Flash/food_flash_env/lib/python3.10/site-packages/rest_framework/views.py", line 509, in dispatch
    response = self.handle_exception(exc)
  File "/home/silpc065/SANJU/Food_Flash/food_flash_env/lib/python3.10/site-packages/rest_framework/views.py", line 469, in handle_exception
    self.raise_uncaught_exception(exc)
  File "/home/silpc065/SANJU/Food_Flash/food_flash_env/lib/python3.10/site-packages/rest_framework/views.py", line 480, in raise_uncaught_exception
    raise exc
  File "/home/silpc065/SANJU/Food_Flash/food_flash_env/lib/python3.10/site-packages/rest_framework/views.py", line 506, in dispatch
    response = handler(request, *args, **kwargs)
  File "/home/silpc065/SANJU/Food_Flash/food_flash_env/lib/python3.10/site-packages/rest_framework/decorators.py", line 50, in handler
    return func(*args, **kwargs)
  File "/home/silpc065/SANJU/Food_Flash/Food-Flash/vendors/views.py", line 145, in save_subscription
    data = json.loads(request.body)
  File "/home/silpc065/SANJU/Food_Flash/food_flash_env/lib/python3.10/site-packages/rest_framework/request.py", line 421, in __getattr__
    return getattr(_request, attr)
  File "/home/silpc065/SANJU/Food_Flash/food_flash_env/lib/python3.10/site-packages/django/http/request.py", line 328, in body
    raise RawPostDataException(
django.http.request.RawPostDataException: You cannot access body after reading from request's data stream
Internal Server Error: /vendors/api/save-subscription/
Traceback (most recent call last):
  File "/home/silpc065/SANJU/Food_Flash/food_flash_env/lib/python3.10/site-packages/django/core/handlers/exception.py", line 55, in inner
    response = get_response(request)
  File "/home/silpc065/SANJU/Food_Flash/food_flash_env/lib/python3.10/site-packages/django/core/handlers/base.py", line 197, in _get_response
    response = wrapped_callback(request, *callback_args, **callback_kwargs)
  File "/home/silpc065/SANJU/Food_Flash/food_flash_env/lib/python3.10/site-packages/django/views/decorators/csrf.py", line 65, in _view_wrapper
    return view_func(request, *args, **kwargs)
  File "/home/silpc065/SANJU/Food_Flash/food_flash_env/lib/python3.10/site-packages/django/views/generic/base.py", line 104, in view
    return self.dispatch(request, *args, **kwargs)
  File "/home/silpc065/SANJU/Food_Flash/food_flash_env/lib/python3.10/site-packages/rest_framework/views.py", line 509, in dispatch
    response = self.handle_exception(exc)
  File "/home/silpc065/SANJU/Food_Flash/food_flash_env/lib/python3.10/site-packages/rest_framework/views.py", line 469, in handle_exception
    self.raise_uncaught_exception(exc)
  File "/home/silpc065/SANJU/Food_Flash/food_flash_env/lib/python3.10/site-packages/rest_framework/views.py", line 480, in raise_uncaught_exception
    raise exc
  File "/home/silpc065/SANJU/Food_Flash/food_flash_env/lib/python3.10/site-packages/rest_framework/views.py", line 506, in dispatch
    response = handler(request, *args, **kwargs)
  File "/home/silpc065/SANJU/Food_Flash/food_flash_env/lib/python3.10/site-packages/rest_framework/decorators.py", line 50, in handler
    return func(*args, **kwargs)
  File "/home/silpc065/SANJU/Food_Flash/Food-Flash/vendors/views.py", line 205, in save_subscription
    order = get_object_or_404(Order, token_no=token_number)
  File "/home/silpc065/SANJU/Food_Flash/food_flash_env/lib/python3.10/site-packages/django/shortcuts.py", line 86, in get_object_or_404
    return queryset.get(*args, **kwargs)
  File "/home/silpc065/SANJU/Food_Flash/food_flash_env/lib/python3.10/site-packages/django/db/models/query.py", line 652, in get
    raise self.model.MultipleObjectsReturned(
vendors.models.Order.MultipleObjectsReturned: get() returned more than one Order -- it returned 4!
Internal Server Error: /vendors/api/save-subscription/
Traceback (most recent call last):
  File "/home/silpc065/SANJU/Food_Flash/food_flash_env/lib/python3.10/site-packages/django/core/handlers/exception.py", line 55, in inner
    response = get_response(request)
  File "/home/silpc065/SANJU/Food_Flash/food_flash_env/lib/python3.10/site-packages/django/core/handlers/base.py", line 197, in _get_response
    response = wrapped_callback(request, *callback_args, **callback_kwargs)
  File "/home/silpc065/SANJU/Food_Flash/food_flash_env/lib/python3.10/site-packages/django/views/decorators/csrf.py", line 65, in _view_wrapper
    return view_func(request, *args, **kwargs)
  File "/home/silpc065/SANJU/Food_Flash/food_flash_env/lib/python3.10/site-packages/django/views/generic/base.py", line 104, in view
    return self.dispatch(request, *args, **kwargs)
  File "/home/silpc065/SANJU/Food_Flash/food_flash_env/lib/python3.10/site-packages/rest_framework/views.py", line 509, in dispatch
    response = self.handle_exception(exc)
  File "/home/silpc065/SANJU/Food_Flash/food_flash_env/lib/python3.10/site-packages/rest_framework/views.py", line 469, in handle_exception
    self.raise_uncaught_exception(exc)
  File "/home/silpc065/SANJU/Food_Flash/food_flash_env/lib/python3.10/site-packages/rest_framework/views.py", line 480, in raise_uncaught_exception
    raise exc
  File "/home/silpc065/SANJU/Food_Flash/food_flash_env/lib/python3.10/site-packages/rest_framework/views.py", line 506, in dispatch
    response = handler(request, *args, **kwargs)
  File "/home/silpc065/SANJU/Food_Flash/food_flash_env/lib/python3.10/site-packages/rest_framework/decorators.py", line 50, in handler
    return func(*args, **kwargs)
  File "/home/silpc065/SANJU/Food_Flash/Food-Flash/vendors/views.py", line 205, in save_subscription
    order = get_object_or_404(Order, token_no=token_number)
  File "/home/silpc065/SANJU/Food_Flash/food_flash_env/lib/python3.10/site-packages/django/shortcuts.py", line 86, in get_object_or_404
    return queryset.get(*args, **kwargs)
  File "/home/silpc065/SANJU/Food_Flash/food_flash_env/lib/python3.10/site-packages/django/db/models/query.py", line 652, in get
    raise self.model.MultipleObjectsReturned(
vendors.models.Order.MultipleObjectsReturned: get() returned more than one Order -- it returned 2!
Internal Server Error: /vendors/api/save-subscription/
Traceback (most recent call last):
  File "/home/silpc065/SANJU/Food_Flash/food_flash_env/lib/python3.10/site-packages/django/core/handlers/exception.py", line 55, in inner
    response = get_response(request)
  File "/home/silpc065/SANJU/Food_Flash/food_flash_env/lib/python3.10/site-packages/django/core/handlers/base.py", line 197, in _get_response
    response = wrapped_callback(request, *callback_args, **callback_kwargs)
  File "/home/silpc065/SANJU/Food_Flash/food_flash_env/lib/python3.10/site-packages/django/views/decorators/csrf.py", line 65, in _view_wrapper
    return view_func(request, *args, **kwargs)
  File "/home/silpc065/SANJU/Food_Flash/food_flash_env/lib/python3.10/site-packages/django/views/generic/base.py", line 104, in view
    return self.dispatch(request, *args, **kwargs)
  File "/home/silpc065/SANJU/Food_Flash/food_flash_env/lib/python3.10/site-packages/rest_framework/views.py", line 509, in dispatch
    response = self.handle_exception(exc)
  File "/home/silpc065/SANJU/Food_Flash/food_flash_env/lib/python3.10/site-packages/rest_framework/views.py", line 469, in handle_exception
    self.raise_uncaught_exception(exc)
  File "/home/silpc065/SANJU/Food_Flash/food_flash_env/lib/python3.10/site-packages/rest_framework/views.py", line 480, in raise_uncaught_exception
    raise exc
  File "/home/silpc065/SANJU/Food_Flash/food_flash_env/lib/python3.10/site-packages/rest_framework/views.py", line 506, in dispatch
    response = handler(request, *args, **kwargs)
  File "/home/silpc065/SANJU/Food_Flash/food_flash_env/lib/python3.10/site-packages/rest_framework/decorators.py", line 50, in handler
    return func(*args, **kwargs)
  File "/home/silpc065/SANJU/Food_Flash/Food-Flash/vendors/views.py", line 206, in save_subscription
    order = get_object_or_404(Order, token_no=token_number)
  File "/home/silpc065/SANJU/Food_Flash/food_flash_env/lib/python3.10/site-packages/django/shortcuts.py", line 86, in get_object_or_404
    return queryset.get(*args, **kwargs)
  File "/home/silpc065/SANJU/Food_Flash/food_flash_env/lib/python3.10/site-packages/django/db/models/query.py", line 652, in get
    raise self.model.MultipleObjectsReturned(
vendors.models.Order.MultipleObjectsReturned: get() returned more than one Order -- it returned 2!
Internal Server Error: /vendors/api/save-subscription/
Traceback (most recent call last):
  File "/home/silpc065/SANJU/Food_Flash/food_flash_env/lib/python3.10/site-packages/django/core/handlers/exception.py", line 55, in inner
    response = get_response(request)
  File "/home/silpc065/SANJU/Food_Flash/food_flash_env/lib/python3.10/site-packages/django/core/handlers/base.py", line 197, in _get_response
    response = wrapped_callback(request, *callback_args, **callback_kwargs)
  File "/home/silpc065/SANJU/Food_Flash/food_flash_env/lib/python3.10/site-packages/django/views/decorators/csrf.py", line 65, in _view_wrapper
    return view_func(request, *args, **kwargs)
  File "/home/silpc065/SANJU/Food_Flash/food_flash_env/lib/python3.10/site-packages/django/views/generic/base.py", line 104, in view
    return self.dispatch(request, *args, **kwargs)
  File "/home/silpc065/SANJU/Food_Flash/food_flash_env/lib/python3.10/site-packages/rest_framework/views.py", line 509, in dispatch
    response = self.handle_exception(exc)
  File "/home/silpc065/SANJU/Food_Flash/food_flash_env/lib/python3.10/site-packages/rest_framework/views.py", line 469, in handle_exception
    self.raise_uncaught_exception(exc)
  File "/home/silpc065/SANJU/Food_Flash/food_flash_env/lib/python3.10/site-packages/rest_framework/views.py", line 480, in raise_uncaught_exception
    raise exc
  File "/home/silpc065/SANJU/Food_Flash/food_flash_env/lib/python3.10/site-packages/rest_framework/views.py", line 506, in dispatch
    response = handler(request, *args, **kwargs)
  File "/home/silpc065/SANJU/Food_Flash/food_flash_env/lib/python3.10/site-packages/rest_framework/decorators.py", line 50, in handler
    return func(*args, **kwargs)
  File "/home/silpc065/SANJU/Food_Flash/Food-Flash/vendors/views.py", line 206, in save_subscription
    order = get_object_or_404(Order, token_no=token_number)
  File "/home/silpc065/SANJU/Food_Flash/food_flash_env/lib/python3.10/site-packages/django/shortcuts.py", line 86, in get_object_or_404
    return queryset.get(*args, **kwargs)
  File "/home/silpc065/SANJU/Food_Flash/food_flash_env/lib/python3.10/site-packages/django/db/models/query.py", line 652, in get
    raise self.model.MultipleObjectsReturned(
vendors.models.Order.MultipleObjectsReturned: get() returned more than one Order -- it returned 2!
Internal Server Error: /check-status/
Internal Server Error: /check-status/
Internal Server Error: /vendors/api/save-subscription/
Traceback (most recent call last):
  File "/home/silpc065/SANJU/Food_Flash/food_flash_env/lib/python3.10/site-packages/django/core/handlers/exception.py", line 55, in inner
    response = get_response(request)
  File "/home/silpc065/SANJU/Food_Flash/food_flash_env/lib/python3.10/site-packages/django/core/handlers/base.py", line 197, in _get_response
    response = wrapped_callback(request, *callback_args, **callback_kwargs)
  File "/home/silpc065/SANJU/Food_Flash/food_flash_env/lib/python3.10/site-packages/django/views/decorators/csrf.py", line 65, in _view_wrapper
    return view_func(request, *args, **kwargs)
  File "/home/silpc065/SANJU/Food_Flash/food_flash_env/lib/python3.10/site-packages/django/views/generic/base.py", line 104, in view
    return self.dispatch(request, *args, **kwargs)
  File "/home/silpc065/SANJU/Food_Flash/food_flash_env/lib/python3.10/site-packages/rest_framework/views.py", line 509, in dispatch
    response = self.handle_exception(exc)
  File "/home/silpc065/SANJU/Food_Flash/food_flash_env/lib/python3.10/site-packages/rest_framework/views.py", line 469, in handle_exception
    self.raise_uncaught_exception(exc)
  File "/home/silpc065/SANJU/Food_Flash/food_flash_env/lib/python3.10/site-packages/rest_framework/views.py", line 480, in raise_uncaught_exception
    raise exc
  File "/home/silpc065/SANJU/Food_Flash/food_flash_env/lib/python3.10/site-packages/rest_framework/views.py", line 506, in dispatch
    response = handler(request, *args, **kwargs)
  File "/home/silpc065/SANJU/Food_Flash/food_flash_env/lib/python3.10/site-packages/rest_framework/decorators.py", line 50, in handler
    return func(*args, **kwargs)
  File "/home/silpc065/SANJU/Food_Flash/Food-Flash/vendors/views.py", line 213, in save_subscription
    data = json.loads(request.body)
  File "/home/silpc065/SANJU/Food_Flash/food_flash_env/lib/python3.10/site-packages/rest_framework/request.py", line 421, in __getattr__
    return getattr(_request, attr)
  File "/home/silpc065/SANJU/Food_Flash/food_flash_env/lib/python3.10/site-packages/django/http/request.py", line 328, in body
    raise RawPostDataException(
django.http.request.RawPostDataException: You cannot access body after reading from request's data stream
Internal Server Error: /home/
Traceback (most recent call last):
  File "/home/silpc065/SANJU/Food_Flash/food_flash_env/lib/python3.10/site-packages/django/template/base.py", line 510, in parse
    compile_func = self.tags[command]
KeyError: 'static'

During handling of the above exception, another exception occurred:

Traceback (most recent call last):
  File "/home/silpc065/SANJU/Food_Flash/food_flash_env/lib/python3.10/site-packages/django/core/handlers/exception.py", line 55, in inner
    response = get_response(request)
  File "/home/silpc065/SANJU/Food_Flash/food_flash_env/lib/python3.10/site-packages/django/core/handlers/base.py", line 197, in _get_response
    response = wrapped_callback(request, *callback_args, **callback_kwargs)
  File "/home/silpc065/SANJU/Food_Flash/Food-Flash/orders/views.py", line 15, in home
    return render(request, 'orders/index.html')
  File "/home/silpc065/SANJU/Food_Flash/food_flash_env/lib/python3.10/site-packages/django/shortcuts.py", line 25, in render
    content = loader.render_to_string(template_name, context, request, using=using)
  File "/home/silpc065/SANJU/Food_Flash/food_flash_env/lib/python3.10/site-packages/django/template/loader.py", line 61, in render_to_string
    template = get_template(template_name, using=using)
  File "/home/silpc065/SANJU/Food_Flash/food_flash_env/lib/python3.10/site-packages/django/template/loader.py", line 15, in get_template
    return engine.get_template(template_name)
  File "/home/silpc065/SANJU/Food_Flash/food_flash_env/lib/python3.10/site-packages/django/template/backends/django.py", line 79, in get_template
    return Template(self.engine.get_template(template_name), self)
  File "/home/silpc065/SANJU/Food_Flash/food_flash_env/lib/python3.10/site-packages/django/template/engine.py", line 177, in get_template
    template, origin = self.find_template(template_name)
  File "/home/silpc065/SANJU/Food_Flash/food_flash_env/lib/python3.10/site-packages/django/template/engine.py", line 159, in find_template
    template = loader.get_template(name, skip=skip)
  File "/home/silpc065/SANJU/Food_Flash/food_flash_env/lib/python3.10/site-packages/django/template/loaders/cached.py", line 57, in get_template
    template = super().get_template(template_name, skip)
  File "/home/silpc065/SANJU/Food_Flash/food_flash_env/lib/python3.10/site-packages/django/template/loaders/base.py", line 28, in get_template
    return Template(
  File "/home/silpc065/SANJU/Food_Flash/food_flash_env/lib/python3.10/site-packages/django/template/base.py", line 154, in __init__
    self.nodelist = self.compile_nodelist()
  File "/home/silpc065/SANJU/Food_Flash/food_flash_env/lib/python3.10/site-packages/django/template/base.py", line 196, in compile_nodelist
    nodelist = parser.parse()
  File "/home/silpc065/SANJU/Food_Flash/food_flash_env/lib/python3.10/site-packages/django/template/base.py", line 512, in parse
    self.invalid_block_tag(token, command, parse_until)
  File "/home/silpc065/SANJU/Food_Flash/food_flash_env/lib/python3.10/site-packages/django/template/base.py", line 573, in invalid_block_tag
    raise self.error(
django.template.exceptions.TemplateSyntaxError: Invalid block tag on line 50: 'static'. Did you forget to register or load this tag?
Internal Server Error: /home/
Traceback (most recent call last):
  File "/home/silpc065/SANJU/Food_Flash/food_flash_env/lib/python3.10/site-packages/django/core/handlers/exception.py", line 55, in inner
    response = get_response(request)
  File "/home/silpc065/SANJU/Food_Flash/food_flash_env/lib/python3.10/site-packages/django/core/handlers/base.py", line 197, in _get_response
    response = wrapped_callback(request, *callback_args, **callback_kwargs)
  File "/home/silpc065/SANJU/Food_Flash/Food-Flash/orders/views.py", line 15, in home
    return render(request, 'orders/index.html')
  File "/home/silpc065/SANJU/Food_Flash/food_flash_env/lib/python3.10/site-packages/django/shortcuts.py", line 25, in render
    content = loader.render_to_string(template_name, context, request, using=using)
  File "/home/silpc065/SANJU/Food_Flash/food_flash_env/lib/python3.10/site-packages/django/template/loader.py", line 61, in render_to_string
    template = get_template(template_name, using=using)
  File "/home/silpc065/SANJU/Food_Flash/food_flash_env/lib/python3.10/site-packages/django/template/loader.py", line 15, in get_template
    return engine.get_template(template_name)
  File "/home/silpc065/SANJU/Food_Flash/food_flash_env/lib/python3.10/site-packages/django/template/backends/django.py", line 79, in get_template
    return Template(self.engine.get_template(template_name), self)
  File "/home/silpc065/SANJU/Food_Flash/food_flash_env/lib/python3.10/site-packages/django/template/engine.py", line 177, in get_template
    template, origin = self.find_template(template_name)
  File "/home/silpc065/SANJU/Food_Flash/food_flash_env/lib/python3.10/site-packages/django/template/engine.py", line 159, in find_template
    template = loader.get_template(name, skip=skip)
  File "/home/silpc065/SANJU/Food_Flash/food_flash_env/lib/python3.10/site-packages/django/template/loaders/cached.py", line 57, in get_template
    template = super().get_template(template_name, skip)
  File "/home/silpc065/SANJU/Food_Flash/food_flash_env/lib/python3.10/site-packages/django/template/loaders/base.py", line 28, in get_template
    return Template(
  File "/home/silpc065/SANJU/Food_Flash/food_flash_env/lib/python3.10/site-packages/django/template/base.py", line 154, in __init__
    self.nodelist = self.compile_nodelist()
  File "/home/silpc065/SANJU/Food_Flash/food_flash_env/lib/python3.10/site-packages/django/template/base.py", line 196, in compile_nodelist
    nodelist = parser.parse()
  File "/home/silpc065/SANJU/Food_Flash/food_flash_env/lib/python3.10/site-packages/django/template/base.py", line 519, in parse
    self.extend_nodelist(nodelist, compiled_result, token)
  File "/home/silpc065/SANJU/Food_Flash/food_flash_env/lib/python3.10/site-packages/django/template/base.py", line 536, in extend_nodelist
    raise self.error(
django.template.exceptions.TemplateSyntaxError: <ExtendsNode: extends "orders/home_base.html"> must be the first tag in the template.
Internal Server Error: /home/
Traceback (most recent call last):
  File "/home/silpc065/SANJU/Food_Flash/food_flash_env/lib/python3.10/site-packages/django/template/base.py", line 510, in parse
    compile_func = self.tags[command]
KeyError: 'static'

During handling of the above exception, another exception occurred:

Traceback (most recent call last):
  File "/home/silpc065/SANJU/Food_Flash/food_flash_env/lib/python3.10/site-packages/django/core/handlers/exception.py", line 55, in inner
    response = get_response(request)
  File "/home/silpc065/SANJU/Food_Flash/food_flash_env/lib/python3.10/site-packages/django/core/handlers/base.py", line 197, in _get_response
    response = wrapped_callback(request, *callback_args, **callback_kwargs)
  File "/home/silpc065/SANJU/Food_Flash/Food-Flash/orders/views.py", line 15, in home
    return render(request, 'orders/index.html')
  File "/home/silpc065/SANJU/Food_Flash/food_flash_env/lib/python3.10/site-packages/django/shortcuts.py", line 25, in render
    content = loader.render_to_string(template_name, context, request, using=using)
  File "/home/silpc065/SANJU/Food_Flash/food_flash_env/lib/python3.10/site-packages/django/template/loader.py", line 61, in render_to_string
    template = get_template(template_name, using=using)
  File "/home/silpc065/SANJU/Food_Flash/food_flash_env/lib/python3.10/site-packages/django/template/loader.py", line 15, in get_template
    return engine.get_template(template_name)
  File "/home/silpc065/SANJU/Food_Flash/food_flash_env/lib/python3.10/site-packages/django/template/backends/django.py", line 79, in get_template
    return Template(self.engine.get_template(template_name), self)
  File "/home/silpc065/SANJU/Food_Flash/food_flash_env/lib/python3.10/site-packages/django/template/engine.py", line 177, in get_template
    template, origin = self.find_template(template_name)
  File "/home/silpc065/SANJU/Food_Flash/food_flash_env/lib/python3.10/site-packages/django/template/engine.py", line 159, in find_template
    template = loader.get_template(name, skip=skip)
  File "/home/silpc065/SANJU/Food_Flash/food_flash_env/lib/python3.10/site-packages/django/template/loaders/cached.py", line 57, in get_template
    template = super().get_template(template_name, skip)
  File "/home/silpc065/SANJU/Food_Flash/food_flash_env/lib/python3.10/site-packages/django/template/loaders/base.py", line 28, in get_template
    return Template(
  File "/home/silpc065/SANJU/Food_Flash/food_flash_env/lib/python3.10/site-packages/django/template/base.py", line 154, in __init__
    self.nodelist = self.compile_nodelist()
  File "/home/silpc065/SANJU/Food_Flash/food_flash_env/lib/python3.10/site-packages/django/template/base.py", line 196, in compile_nodelist
    nodelist = parser.parse()
  File "/home/silpc065/SANJU/Food_Flash/food_flash_env/lib/python3.10/site-packages/django/template/base.py", line 518, in parse
    raise self.error(token, e)
  File "/home/silpc065/SANJU/Food_Flash/food_flash_env/lib/python3.10/site-packages/django/template/base.py", line 516, in parse
    compiled_result = compile_func(self, token)
  File "/home/silpc065/SANJU/Food_Flash/food_flash_env/lib/python3.10/site-packages/django/template/loader_tags.py", line 295, in do_extends
    nodelist = parser.parse()
  File "/home/silpc065/SANJU/Food_Flash/food_flash_env/lib/python3.10/site-packages/django/template/base.py", line 518, in parse
    raise self.error(token, e)
  File "/home/silpc065/SANJU/Food_Flash/food_flash_env/lib/python3.10/site-packages/django/template/base.py", line 516, in parse
    compiled_result = compile_func(self, token)
  File "/home/silpc065/SANJU/Food_Flash/food_flash_env/lib/python3.10/site-packages/django/template/loader_tags.py", line 234, in do_block
    nodelist = parser.parse(("endblock",))
  File "/home/silpc065/SANJU/Food_Flash/food_flash_env/lib/python3.10/site-packages/django/template/base.py", line 512, in parse
    self.invalid_block_tag(token, command, parse_until)
  File "/home/silpc065/SANJU/Food_Flash/food_flash_env/lib/python3.10/site-packages/django/template/base.py", line 563, in invalid_block_tag
    raise self.error(
django.template.exceptions.TemplateSyntaxError: Invalid block tag on line 150: 'static', expected 'endblock'. Did you forget to register or load this tag?
Internal Server Error: /home/
Traceback (most recent call last):
  File "/home/silpc065/SANJU/Food_Flash/food_flash_env/lib/python3.10/site-packages/django/template/base.py", line 510, in parse
    compile_func = self.tags[command]
KeyError: 'static'

During handling of the above exception, another exception occurred:

Traceback (most recent call last):
  File "/home/silpc065/SANJU/Food_Flash/food_flash_env/lib/python3.10/site-packages/django/core/handlers/exception.py", line 55, in inner
    response = get_response(request)
  File "/home/silpc065/SANJU/Food_Flash/food_flash_env/lib/python3.10/site-packages/django/core/handlers/base.py", line 197, in _get_response
    response = wrapped_callback(request, *callback_args, **callback_kwargs)
  File "/home/silpc065/SANJU/Food_Flash/Food-Flash/orders/views.py", line 15, in home
    return render(request, 'orders/index.html')
  File "/home/silpc065/SANJU/Food_Flash/food_flash_env/lib/python3.10/site-packages/django/shortcuts.py", line 25, in render
    content = loader.render_to_string(template_name, context, request, using=using)
  File "/home/silpc065/SANJU/Food_Flash/food_flash_env/lib/python3.10/site-packages/django/template/loader.py", line 61, in render_to_string
    template = get_template(template_name, using=using)
  File "/home/silpc065/SANJU/Food_Flash/food_flash_env/lib/python3.10/site-packages/django/template/loader.py", line 15, in get_template
    return engine.get_template(template_name)
  File "/home/silpc065/SANJU/Food_Flash/food_flash_env/lib/python3.10/site-packages/django/template/backends/django.py", line 79, in get_template
    return Template(self.engine.get_template(template_name), self)
  File "/home/silpc065/SANJU/Food_Flash/food_flash_env/lib/python3.10/site-packages/django/template/engine.py", line 177, in get_template
    template, origin = self.find_template(template_name)
  File "/home/silpc065/SANJU/Food_Flash/food_flash_env/lib/python3.10/site-packages/django/template/engine.py", line 159, in find_template
    template = loader.get_template(name, skip=skip)
  File "/home/silpc065/SANJU/Food_Flash/food_flash_env/lib/python3.10/site-packages/django/template/loaders/cached.py", line 57, in get_template
    template = super().get_template(template_name, skip)
  File "/home/silpc065/SANJU/Food_Flash/food_flash_env/lib/python3.10/site-packages/django/template/loaders/base.py", line 28, in get_template
    return Template(
  File "/home/silpc065/SANJU/Food_Flash/food_flash_env/lib/python3.10/site-packages/django/template/base.py", line 154, in __init__
    self.nodelist = self.compile_nodelist()
  File "/home/silpc065/SANJU/Food_Flash/food_flash_env/lib/python3.10/site-packages/django/template/base.py", line 196, in compile_nodelist
    nodelist = parser.parse()
  File "/home/silpc065/SANJU/Food_Flash/food_flash_env/lib/python3.10/site-packages/django/template/base.py", line 518, in parse
    raise self.error(token, e)
  File "/home/silpc065/SANJU/Food_Flash/food_flash_env/lib/python3.10/site-packages/django/template/base.py", line 516, in parse
    compiled_result = compile_func(self, token)
  File "/home/silpc065/SANJU/Food_Flash/food_flash_env/lib/python3.10/site-packages/django/template/loader_tags.py", line 295, in do_extends
    nodelist = parser.parse()
  File "/home/silpc065/SANJU/Food_Flash/food_flash_env/lib/python3.10/site-packages/django/template/base.py", line 518, in parse
    raise self.error(token, e)
  File "/home/silpc065/SANJU/Food_Flash/food_flash_env/lib/python3.10/site-packages/django/template/base.py", line 516, in parse
    compiled_result = compile_func(self, token)
  File "/home/silpc065/SANJU/Food_Flash/food_flash_env/lib/python3.10/site-packages/django/template/loader_tags.py", line 234, in do_block
    nodelist = parser.parse(("endblock",))
  File "/home/silpc065/SANJU/Food_Flash/food_flash_env/lib/python3.10/site-packages/django/template/base.py", line 512, in parse
    self.invalid_block_tag(token, command, parse_until)
  File "/home/silpc065/SANJU/Food_Flash/food_flash_env/lib/python3.10/site-packages/django/template/base.py", line 563, in invalid_block_tag
    raise self.error(
django.template.exceptions.TemplateSyntaxError: Invalid block tag on line 150: 'static', expected 'endblock'. Did you forget to register or load this tag?
Internal Server Error: /home/
Traceback (most recent call last):
  File "/home/silpc065/SANJU/Food_Flash/food_flash_env/lib/python3.10/site-packages/django/template/base.py", line 510, in parse
    compile_func = self.tags[command]
KeyError: 'static'

During handling of the above exception, another exception occurred:

Traceback (most recent call last):
  File "/home/silpc065/SANJU/Food_Flash/food_flash_env/lib/python3.10/site-packages/django/core/handlers/exception.py", line 55, in inner
    response = get_response(request)
  File "/home/silpc065/SANJU/Food_Flash/food_flash_env/lib/python3.10/site-packages/django/core/handlers/base.py", line 197, in _get_response
    response = wrapped_callback(request, *callback_args, **callback_kwargs)
  File "/home/silpc065/SANJU/Food_Flash/Food-Flash/orders/views.py", line 15, in home
    return render(request, 'orders/index.html')
  File "/home/silpc065/SANJU/Food_Flash/food_flash_env/lib/python3.10/site-packages/django/shortcuts.py", line 25, in render
    content = loader.render_to_string(template_name, context, request, using=using)
  File "/home/silpc065/SANJU/Food_Flash/food_flash_env/lib/python3.10/site-packages/django/template/loader.py", line 61, in render_to_string
    template = get_template(template_name, using=using)
  File "/home/silpc065/SANJU/Food_Flash/food_flash_env/lib/python3.10/site-packages/django/template/loader.py", line 15, in get_template
    return engine.get_template(template_name)
  File "/home/silpc065/SANJU/Food_Flash/food_flash_env/lib/python3.10/site-packages/django/template/backends/django.py", line 79, in get_template
    return Template(self.engine.get_template(template_name), self)
  File "/home/silpc065/SANJU/Food_Flash/food_flash_env/lib/python3.10/site-packages/django/template/engine.py", line 177, in get_template
    template, origin = self.find_template(template_name)
  File "/home/silpc065/SANJU/Food_Flash/food_flash_env/lib/python3.10/site-packages/django/template/engine.py", line 159, in find_template
    template = loader.get_template(name, skip=skip)
  File "/home/silpc065/SANJU/Food_Flash/food_flash_env/lib/python3.10/site-packages/django/template/loaders/cached.py", line 57, in get_template
    template = super().get_template(template_name, skip)
  File "/home/silpc065/SANJU/Food_Flash/food_flash_env/lib/python3.10/site-packages/django/template/loaders/base.py", line 28, in get_template
    return Template(
  File "/home/silpc065/SANJU/Food_Flash/food_flash_env/lib/python3.10/site-packages/django/template/base.py", line 154, in __init__
    self.nodelist = self.compile_nodelist()
  File "/home/silpc065/SANJU/Food_Flash/food_flash_env/lib/python3.10/site-packages/django/template/base.py", line 196, in compile_nodelist
    nodelist = parser.parse()
  File "/home/silpc065/SANJU/Food_Flash/food_flash_env/lib/python3.10/site-packages/django/template/base.py", line 518, in parse
    raise self.error(token, e)
  File "/home/silpc065/SANJU/Food_Flash/food_flash_env/lib/python3.10/site-packages/django/template/base.py", line 516, in parse
    compiled_result = compile_func(self, token)
  File "/home/silpc065/SANJU/Food_Flash/food_flash_env/lib/python3.10/site-packages/django/template/loader_tags.py", line 295, in do_extends
    nodelist = parser.parse()
  File "/home/silpc065/SANJU/Food_Flash/food_flash_env/lib/python3.10/site-packages/django/template/base.py", line 518, in parse
    raise self.error(token, e)
  File "/home/silpc065/SANJU/Food_Flash/food_flash_env/lib/python3.10/site-packages/django/template/base.py", line 516, in parse
    compiled_result = compile_func(self, token)
  File "/home/silpc065/SANJU/Food_Flash/food_flash_env/lib/python3.10/site-packages/django/template/loader_tags.py", line 234, in do_block
    nodelist = parser.parse(("endblock",))
  File "/home/silpc065/SANJU/Food_Flash/food_flash_env/lib/python3.10/site-packages/django/template/base.py", line 512, in parse
    self.invalid_block_tag(token, command, parse_until)
  File "/home/silpc065/SANJU/Food_Flash/food_flash_env/lib/python3.10/site-packages/django/template/base.py", line 563, in invalid_block_tag
    raise self.error(
django.template.exceptions.TemplateSyntaxError: Invalid block tag on line 150: 'static', expected 'endblock'. Did you forget to register or load this tag?
Internal Server Error: /home/
Traceback (most recent call last):
  File "/home/silpc065/SANJU/Food_Flash/food_flash_env/lib/python3.10/site-packages/django/template/base.py", line 510, in parse
    compile_func = self.tags[command]
KeyError: 'static'

During handling of the above exception, another exception occurred:

Traceback (most recent call last):
  File "/home/silpc065/SANJU/Food_Flash/food_flash_env/lib/python3.10/site-packages/django/core/handlers/exception.py", line 55, in inner
    response = get_response(request)
  File "/home/silpc065/SANJU/Food_Flash/food_flash_env/lib/python3.10/site-packages/django/core/handlers/base.py", line 197, in _get_response
    response = wrapped_callback(request, *callback_args, **callback_kwargs)
  File "/home/silpc065/SANJU/Food_Flash/Food-Flash/orders/views.py", line 15, in home
    return render(request, 'orders/index.html')
  File "/home/silpc065/SANJU/Food_Flash/food_flash_env/lib/python3.10/site-packages/django/shortcuts.py", line 25, in render
    content = loader.render_to_string(template_name, context, request, using=using)
  File "/home/silpc065/SANJU/Food_Flash/food_flash_env/lib/python3.10/site-packages/django/template/loader.py", line 61, in render_to_string
    template = get_template(template_name, using=using)
  File "/home/silpc065/SANJU/Food_Flash/food_flash_env/lib/python3.10/site-packages/django/template/loader.py", line 15, in get_template
    return engine.get_template(template_name)
  File "/home/silpc065/SANJU/Food_Flash/food_flash_env/lib/python3.10/site-packages/django/template/backends/django.py", line 79, in get_template
    return Template(self.engine.get_template(template_name), self)
  File "/home/silpc065/SANJU/Food_Flash/food_flash_env/lib/python3.10/site-packages/django/template/engine.py", line 177, in get_template
    template, origin = self.find_template(template_name)
  File "/home/silpc065/SANJU/Food_Flash/food_flash_env/lib/python3.10/site-packages/django/template/engine.py", line 159, in find_template
    template = loader.get_template(name, skip=skip)
  File "/home/silpc065/SANJU/Food_Flash/food_flash_env/lib/python3.10/site-packages/django/template/loaders/cached.py", line 57, in get_template
    template = super().get_template(template_name, skip)
  File "/home/silpc065/SANJU/Food_Flash/food_flash_env/lib/python3.10/site-packages/django/template/loaders/base.py", line 28, in get_template
    return Template(
  File "/home/silpc065/SANJU/Food_Flash/food_flash_env/lib/python3.10/site-packages/django/template/base.py", line 154, in __init__
    self.nodelist = self.compile_nodelist()
  File "/home/silpc065/SANJU/Food_Flash/food_flash_env/lib/python3.10/site-packages/django/template/base.py", line 196, in compile_nodelist
    nodelist = parser.parse()
  File "/home/silpc065/SANJU/Food_Flash/food_flash_env/lib/python3.10/site-packages/django/template/base.py", line 518, in parse
    raise self.error(token, e)
  File "/home/silpc065/SANJU/Food_Flash/food_flash_env/lib/python3.10/site-packages/django/template/base.py", line 516, in parse
    compiled_result = compile_func(self, token)
  File "/home/silpc065/SANJU/Food_Flash/food_flash_env/lib/python3.10/site-packages/django/template/loader_tags.py", line 295, in do_extends
    nodelist = parser.parse()
  File "/home/silpc065/SANJU/Food_Flash/food_flash_env/lib/python3.10/site-packages/django/template/base.py", line 518, in parse
    raise self.error(token, e)
  File "/home/silpc065/SANJU/Food_Flash/food_flash_env/lib/python3.10/site-packages/django/template/base.py", line 516, in parse
    compiled_result = compile_func(self, token)
  File "/home/silpc065/SANJU/Food_Flash/food_flash_env/lib/python3.10/site-packages/django/template/loader_tags.py", line 234, in do_block
    nodelist = parser.parse(("endblock",))
  File "/home/silpc065/SANJU/Food_Flash/food_flash_env/lib/python3.10/site-packages/django/template/base.py", line 512, in parse
    self.invalid_block_tag(token, command, parse_until)
  File "/home/silpc065/SANJU/Food_Flash/food_flash_env/lib/python3.10/site-packages/django/template/base.py", line 563, in invalid_block_tag
    raise self.error(
django.template.exceptions.TemplateSyntaxError: Invalid block tag on line 173: 'static', expected 'endblock'. Did you forget to register or load this tag?
Internal Server Error: /home/
Traceback (most recent call last):
  File "/home/silpc065/SANJU/Food_Flash/food_flash_env/lib/python3.10/site-packages/django/core/handlers/exception.py", line 55, in inner
    response = get_response(request)
  File "/home/silpc065/SANJU/Food_Flash/food_flash_env/lib/python3.10/site-packages/django/core/handlers/base.py", line 197, in _get_response
    response = wrapped_callback(request, *callback_args, **callback_kwargs)
  File "/home/silpc065/SANJU/Food_Flash/Food-Flash/orders/views.py", line 15, in home
    return render(request, 'orders/index.html')
  File "/home/silpc065/SANJU/Food_Flash/food_flash_env/lib/python3.10/site-packages/django/shortcuts.py", line 25, in render
    content = loader.render_to_string(template_name, context, request, using=using)
  File "/home/silpc065/SANJU/Food_Flash/food_flash_env/lib/python3.10/site-packages/django/template/loader.py", line 61, in render_to_string
    template = get_template(template_name, using=using)
  File "/home/silpc065/SANJU/Food_Flash/food_flash_env/lib/python3.10/site-packages/django/template/loader.py", line 15, in get_template
    return engine.get_template(template_name)
  File "/home/silpc065/SANJU/Food_Flash/food_flash_env/lib/python3.10/site-packages/django/template/backends/django.py", line 79, in get_template
    return Template(self.engine.get_template(template_name), self)
  File "/home/silpc065/SANJU/Food_Flash/food_flash_env/lib/python3.10/site-packages/django/template/engine.py", line 177, in get_template
    template, origin = self.find_template(template_name)
  File "/home/silpc065/SANJU/Food_Flash/food_flash_env/lib/python3.10/site-packages/django/template/engine.py", line 159, in find_template
    template = loader.get_template(name, skip=skip)
  File "/home/silpc065/SANJU/Food_Flash/food_flash_env/lib/python3.10/site-packages/django/template/loaders/cached.py", line 57, in get_template
    template = super().get_template(template_name, skip)
  File "/home/silpc065/SANJU/Food_Flash/food_flash_env/lib/python3.10/site-packages/django/template/loaders/base.py", line 28, in get_template
    return Template(
  File "/home/silpc065/SANJU/Food_Flash/food_flash_env/lib/python3.10/site-packages/django/template/base.py", line 154, in __init__
    self.nodelist = self.compile_nodelist()
  File "/home/silpc065/SANJU/Food_Flash/food_flash_env/lib/python3.10/site-packages/django/template/base.py", line 196, in compile_nodelist
    nodelist = parser.parse()
  File "/home/silpc065/SANJU/Food_Flash/food_flash_env/lib/python3.10/site-packages/django/template/base.py", line 519, in parse
    self.extend_nodelist(nodelist, compiled_result, token)
  File "/home/silpc065/SANJU/Food_Flash/food_flash_env/lib/python3.10/site-packages/django/template/base.py", line 536, in extend_nodelist
    raise self.error(
django.template.exceptions.TemplateSyntaxError: <ExtendsNode: extends "orders/home_base.html"> must be the first tag in the template.
Internal Server Error: /admin
Traceback (most recent call last):
  File "/home/silpc065/SANJU/Food_Flash/food_flash_env/lib/python3.10/site-packages/django/core/handlers/exception.py", line 55, in inner
    response = get_response(request)
  File "/home/silpc065/SANJU/Food_Flash/food_flash_env/lib/python3.10/site-packages/django/utils/deprecation.py", line 131, in __call__
    response = self.process_response(request, response)
  File "/home/silpc065/SANJU/Food_Flash/food_flash_env/lib/python3.10/site-packages/django/middleware/common.py", line 108, in process_response
    return self.response_redirect_class(self.get_full_path_with_slash(request))
  File "/home/silpc065/SANJU/Food_Flash/food_flash_env/lib/python3.10/site-packages/django/middleware/common.py", line 87, in get_full_path_with_slash
    raise RuntimeError(
RuntimeError: You called this URL via POST, but the URL doesn't end in a slash and you have APPEND_SLASH set. Django can't redirect to the slash URL while maintaining POST data. Change your form to point to 202.88.237.202/admin/ (note the trailing slash), or set APPEND_SLASH=False in your Django settings.
Internal Server Error: /admin
Traceback (most recent call last):
  File "/home/silpc065/SANJU/Food_Flash/food_flash_env/lib/python3.10/site-packages/django/core/handlers/exception.py", line 55, in inner
    response = get_response(request)
  File "/home/silpc065/SANJU/Food_Flash/food_flash_env/lib/python3.10/site-packages/django/utils/deprecation.py", line 131, in __call__
    response = self.process_response(request, response)
  File "/home/silpc065/SANJU/Food_Flash/food_flash_env/lib/python3.10/site-packages/django/middleware/common.py", line 108, in process_response
    return self.response_redirect_class(self.get_full_path_with_slash(request))
  File "/home/silpc065/SANJU/Food_Flash/food_flash_env/lib/python3.10/site-packages/django/middleware/common.py", line 87, in get_full_path_with_slash
    raise RuntimeError(
RuntimeError: You called this URL via POST, but the URL doesn't end in a slash and you have APPEND_SLASH set. Django can't redirect to the slash URL while maintaining POST data. Change your form to point to 202.88.237.202/admin/ (note the trailing slash), or set APPEND_SLASH=False in your Django settings.
Internal Server Error: /admin
Traceback (most recent call last):
  File "/home/silpc065/SANJU/Food_Flash/food_flash_env/lib/python3.10/site-packages/django/core/handlers/exception.py", line 55, in inner
    response = get_response(request)
  File "/home/silpc065/SANJU/Food_Flash/food_flash_env/lib/python3.10/site-packages/django/utils/deprecation.py", line 131, in __call__
    response = self.process_response(request, response)
  File "/home/silpc065/SANJU/Food_Flash/food_flash_env/lib/python3.10/site-packages/django/middleware/common.py", line 108, in process_response
    return self.response_redirect_class(self.get_full_path_with_slash(request))
  File "/home/silpc065/SANJU/Food_Flash/food_flash_env/lib/python3.10/site-packages/django/middleware/common.py", line 87, in get_full_path_with_slash
    raise RuntimeError(
RuntimeError: You called this URL via POST, but the URL doesn't end in a slash and you have APPEND_SLASH set. Django can't redirect to the slash URL while maintaining POST data. Change your form to point to 202.88.237.202/admin/ (note the trailing slash), or set APPEND_SLASH=False in your Django settings.
Internal Server Error: /admin
Traceback (most recent call last):
  File "/home/silpc065/SANJU/Food_Flash/food_flash_env/lib/python3.10/site-packages/django/core/handlers/exception.py", line 55, in inner
    response = get_response(request)
  File "/home/silpc065/SANJU/Food_Flash/food_flash_env/lib/python3.10/site-packages/django/utils/deprecation.py", line 131, in __call__
    response = self.process_response(request, response)
  File "/home/silpc065/SANJU/Food_Flash/food_flash_env/lib/python3.10/site-packages/django/middleware/common.py", line 108, in process_response
    return self.response_redirect_class(self.get_full_path_with_slash(request))
  File "/home/silpc065/SANJU/Food_Flash/food_flash_env/lib/python3.10/site-packages/django/middleware/common.py", line 87, in get_full_path_with_slash
    raise RuntimeError(
RuntimeError: You called this URL via POST, but the URL doesn't end in a slash and you have APPEND_SLASH set. Django can't redirect to the slash URL while maintaining POST data. Change your form to point to 202.88.237.202/admin/ (note the trailing slash), or set APPEND_SLASH=False in your Django settings.
Internal Server Error: /vendors/api/update-order/
Internal Server Error: /vendors/api/update-order/
Internal Server Error: /vendors/api/update-order/
Internal Server Error: /vendors/api/update-order/
Internal Server Error: /admin
Traceback (most recent call last):
  File "/home/silpc065/SANJU/Food_Flash/food_flash_env/lib/python3.10/site-packages/django/core/handlers/exception.py", line 55, in inner
    response = get_response(request)
  File "/home/silpc065/SANJU/Food_Flash/food_flash_env/lib/python3.10/site-packages/django/utils/deprecation.py", line 131, in __call__
    response = self.process_response(request, response)
  File "/home/silpc065/SANJU/Food_Flash/food_flash_env/lib/python3.10/site-packages/django/middleware/common.py", line 108, in process_response
    return self.response_redirect_class(self.get_full_path_with_slash(request))
  File "/home/silpc065/SANJU/Food_Flash/food_flash_env/lib/python3.10/site-packages/django/middleware/common.py", line 87, in get_full_path_with_slash
    raise RuntimeError(
RuntimeError: You called this URL via POST, but the URL doesn't end in a slash and you have APPEND_SLASH set. Django can't redirect to the slash URL while maintaining POST data. Change your form to point to 202.88.237.202/admin/ (note the trailing slash), or set APPEND_SLASH=False in your Django settings.
